GROUP,PACKAGE,CLASS,INSTRUCTION_MISSED,INSTRUCTION_COVERED,BRANCH_MISSED,BRANCH_COVERED,LINE_MISSED,LINE_COVERED,COMPLEXITY_MISSED,COMPLEXITY_COVERED,METHOD_MISSED,METHOD_COVERED
BookShopOnline25,laptop.model.user,TempUser.RuoliT,33,0,0,0,6,0,1,0,1,0
BookShopOnline25,laptop.model.user,User,147,14,5,2,39,5,21,4,17,3
BookShopOnline25,laptop.model.user,User.Ruoli,33,0,0,0,6,0,1,0,1,0
BookShopOnline25,laptop.model.user,TempUser,100,0,5,0,31,0,22,0,18,0
BookShopOnline25,laptop.database.negozio,NegozioDao,143,0,10,0,43,0,10,0,5,0
BookShopOnline25,laptop.database.negozio,MemoriaNegozio,214,0,12,0,44,0,13,0,7,0
BookShopOnline25,laptop.database.negozio,PersistenzaNegozio,15,0,0,0,6,0,5,0,5,0
BookShopOnline25,laptop.database.negozio,CsvNegozio,238,0,18,0,48,0,15,0,6,0
BookShopOnline25,laptop.database.cartacredito,PersistenzaCC,23,0,2,0,8,0,5,0,4,0
BookShopOnline25,laptop.database.cartacredito,MemoriaCartaCredito,275,0,22,0,56,0,15,0,4,0
BookShopOnline25,laptop.database.cartacredito,CsvCartaCredito,219,0,16,0,46,0,13,0,5,0
BookShopOnline25,laptop.database.cartacredito,CartaCreditoDao,123,0,4,0,32,0,5,0,3,0
BookShopOnline25,laptop.controller.secondouclogin,ControllerRegistraUtente,243,0,30,0,48,0,27,0,11,0
BookShopOnline25,laptop.controller.secondouclogin,ControllerAdmin,138,0,12,0,30,0,10,0,3,0
BookShopOnline25,laptop.controller.secondouclogin,ControllerAggiornaPassword,106,0,10,0,19,0,10,0,4,0
BookShopOnline25,laptop.controller.secondouclogin,ControllerLogin,324,0,31,0,67,0,23,0,3,0
BookShopOnline25,laptop.controller.terzoucgestioneprofilooggetto,ControllerGestioneUtente,271,0,20,0,48,0,18,0,5,0
BookShopOnline25,laptop.controller.terzoucgestioneprofilooggetto,ControllerGestione,825,0,56,0,139,0,49,0,10,0
BookShopOnline25,laptop.controller.terzoucgestioneprofilooggetto,ControllerReport,231,0,20,0,44,0,21,0,6,0
BookShopOnline25,laptop.controller.terzoucgestioneprofilooggetto,ControllerRaccolta,386,0,38,0,77,0,34,0,7,0
BookShopOnline25,laptop.controller.terzoucgestioneprofilooggetto,ControllerVisualizzaOrdini,104,0,10,0,20,0,11,0,4,0
BookShopOnline25,laptop.controller.terzoucgestioneprofilooggetto,ControllerUtenti,92,0,8,0,19,0,10,0,4,0
BookShopOnline25,laptop.controller.terzoucgestioneprofilooggetto,ControllerVisualizzaProfilo,313,0,32,0,63,0,25,0,7,0
BookShopOnline25,laptop.database.pagamento,CsvPagamento,152,326,18,18,32,67,14,15,3,8
BookShopOnline25,laptop.database.pagamento,MemoriaPagamento,70,270,10,6,16,55,7,7,1,5
BookShopOnline25,laptop.database.pagamento,PersistenzaPagamento,8,9,0,0,4,3,4,2,4,2
BookShopOnline25,laptop.database.pagamento,PagamentoDao,90,141,4,4,25,37,4,5,1,4
BookShopOnline25,laptop.exception,IdException,0,4,0,0,0,2,0,1,0,1
BookShopOnline25,laptop.exception,AcquistaException,4,0,0,0,2,0,1,0,1,0
BookShopOnline25,laptop.exception,LogoutException,4,0,0,0,2,0,1,0,1,0
BookShopOnline25,laptop.exception,PersistenzaException,4,0,0,0,2,0,1,0,1,0
BookShopOnline25,laptop.database.libro,MemoriaLibro,20,386,4,16,5,74,5,13,1,7
BookShopOnline25,laptop.database.libro,PersistenzaLibro,16,3,0,0,6,1,6,1,6,1
BookShopOnline25,laptop.database.libro,LibroDao,125,500,4,8,23,94,4,10,1,7
BookShopOnline25,laptop.database.libro,CsvLibro,234,751,63,53,44,152,49,28,3,16
BookShopOnline25,laptop.database.giornale,GiornaleDao,122,319,5,7,25,72,5,8,1,6
BookShopOnline25,laptop.database.giornale,MemoriaGiornale,20,340,3,15,5,66,4,12,1,6
BookShopOnline25,laptop.database.giornale,CsvGiornale,221,670,55,51,37,140,43,29,3,16
BookShopOnline25,laptop.database.giornale,PersistenzaGiornale,16,3,0,0,6,1,6,1,6,1
BookShopOnline25,laptop.controller.primoucacquista,ControllerCheckPagamentoData,150,659,34,38,31,97,25,27,1,5
BookShopOnline25,laptop.controller.primoucacquista,ControllerScegliNegozio,139,0,14,0,23,0,14,0,4,0
BookShopOnline25,laptop.controller.primoucacquista,ControllerDownload,9,335,9,25,1,56,9,14,0,5
BookShopOnline25,laptop.controller.primoucacquista,ControllerPagamentoCC,205,97,20,4,36,26,18,4,4,2
BookShopOnline25,laptop.controller.primoucacquista,ControllerVisualizza,166,0,12,0,32,0,14,0,5,0
BookShopOnline25,laptop.controller.primoucacquista,ControllerCompravendita,20,123,4,12,4,25,4,10,0,2
BookShopOnline25,laptop.controller.primoucacquista,ControllerRicerca,494,0,62,0,85,0,42,0,7,0
BookShopOnline25,laptop.controller.primoucacquista,ControllerHomePage,40,127,10,18,9,25,10,14,3,6
BookShopOnline25,laptop.controller.primoucacquista,ControllerAnnullaPagamento,20,147,4,12,4,27,4,13,0,5
BookShopOnline25,laptop.controller.primoucacquista,ControllerAcquista,20,266,4,12,4,41,4,12,0,4
BookShopOnline25,laptop.controller.primoucacquista,ControllerPagamentoCash,20,64,2,4,5,11,3,4,1,2
BookShopOnline25,laptop.model,CartaDiCredito,116,0,0,0,40,0,22,0,22,0
BookShopOnline25,laptop.model,Fattura,0,80,0,0,0,28,0,15,0,15
BookShopOnline25,laptop.model,Negozio,67,0,0,0,24,0,13,0,13,0
BookShopOnline25,laptop.model,Report,0,45,0,0,0,19,0,13,0,13
BookShopOnline25,laptop.model,Pagamento,0,90,0,0,0,32,0,17,0,17
BookShopOnline25,laptop.model.raccolta,Factory,14,275,1,15,4,43,1,17,0,9
BookShopOnline25,laptop.model.raccolta,MatchParam,0,62,0,0,0,16,0,3,0,3
BookShopOnline25,laptop.model.raccolta,Giornale,12,252,1,3,3,72,1,27,0,26
BookShopOnline25,laptop.model.raccolta,CategorieRivista,0,87,0,0,0,5,0,1,0,1
BookShopOnline25,laptop.model.raccolta,Libro,368,398,46,14,68,120,46,48,0,39
BookShopOnline25,laptop.model.raccolta,CategorieLibro,0,177,0,0,0,10,0,1,0,1
BookShopOnline25,laptop.model.raccolta,Rivista,70,294,13,6,26,85,13,33,0,30
BookShopOnline25,laptop.database.rivista,PersistenzaRivista,16,3,0,0,6,1,6,1,6,1
BookShopOnline25,laptop.database.rivista,CsvRivista,205,726,60,52,33,153,44,31,2,17
BookShopOnline25,laptop.database.rivista,RivistaDao,131,315,5,7,29,66,5,8,1,6
BookShopOnline25,laptop.database.rivista,MemoriaRivista,20,338,4,14,5,69,5,12,1,7
BookShopOnline25,laptop.database.users,PersistenzaUtente,17,0,0,0,6,0,6,0,6,0
BookShopOnline25,laptop.database.users,CsvUtente,556,0,54,0,110,0,40,0,13,0
BookShopOnline25,laptop.database.users,MemoriaUtente,327,0,12,0,72,0,12,0,6,0
BookShopOnline25,laptop.database.users,UsersDao,637,0,18,0,163,0,21,0,12,0
BookShopOnline25,laptop.database.report,ReportDao,251,5,20,0,67,2,17,2,6,2
BookShopOnline25,laptop.database.report,CsvReport,125,94,13,3,26,20,11,5,4,4
BookShopOnline25,laptop.database.report,MemoriaReport,98,162,6,4,23,32,7,5,3,3
BookShopOnline25,laptop.database.report,PersistenzaReport,8,4,0,0,4,2,4,2,4,2
BookShopOnline25,laptop.database.fattura,ContrassegnoDao,22,136,2,4,6,38,2,5,0,4
BookShopOnline25,laptop.database.fattura,CsvFattura,13,305,2,14,5,65,3,13,1,7
BookShopOnline25,laptop.database.fattura,PersistenzaFattura,6,9,0,0,3,2,3,2,3,2
BookShopOnline25,laptop.database.fattura,MemoriaFattura,0,237,1,5,0,48,1,8,0,6
BookShopOnline25,laptop.utilities,ConnToDb,16,141,3,3,4,45,3,8,0,8
BookShopOnline25,laptop.controller,ControllerSystemState,28,68,0,2,12,29,8,19,8,18
