GROUP,PACKAGE,CLASS,INSTRUCTION_MISSED,INSTRUCTION_COVERED,BRANCH_MISSED,BRANCH_COVERED,LINE_MISSED,LINE_COVERED,COMPLEXITY_MISSED,COMPLEXITY_COVERED,METHOD_MISSED,METHOD_COVERED
BookShopOnline25 Maven Webapp,laptop.database,MemoryInitialize,244,816,19,39,49,168,14,37,1,19
BookShopOnline25 Maven Webapp,laptop.database,DaoInitialize,452,0,24,0,142,0,28,0,10,0
BookShopOnline25 Maven Webapp,laptop.database,PersistenzaGenerale,309,0,17,0,74,0,15,0,2,0
BookShopOnline25 Maven Webapp,laptop.model.user,TempUser.RuoliT,0,33,0,0,0,6,0,1,0,1
BookShopOnline25 Maven Webapp,laptop.model.user,User,49,110,2,5,10,34,10,15,8,12
BookShopOnline25 Maven Webapp,laptop.model.user,User.Ruoli,0,33,0,0,0,6,0,1,0,1
BookShopOnline25 Maven Webapp,laptop.model.user,TempUser,25,90,1,4,4,27,4,18,3,15
BookShopOnline25 Maven Webapp,laptop.database.terzoucgestioneprofiloggetto.report,ReportDao,269,0,14,0,79,0,15,0,7,0
BookShopOnline25 Maven Webapp,laptop.database.terzoucgestioneprofiloggetto.report,CsvReport,501,0,18,0,117,0,20,0,10,0
BookShopOnline25 Maven Webapp,laptop.database.terzoucgestioneprofiloggetto.report,MemoriaReport,102,95,6,2,28,24,5,4,1,3
BookShopOnline25 Maven Webapp,laptop.database.terzoucgestioneprofiloggetto.report,PersistenzaReport,30,3,2,0,8,1,5,1,4,1
BookShopOnline25 Maven Webapp,laptop.database.secondouclogin.users,UsersDao,239,0,10,0,58,0,11,0,6,0
BookShopOnline25 Maven Webapp,laptop.database.secondouclogin.users,MemoriaUtente,220,157,12,4,52,35,8,6,2,4
BookShopOnline25 Maven Webapp,laptop.database.secondouclogin.users,PersistenzaUtente,30,3,4,0,7,1,6,1,4,1
BookShopOnline25 Maven Webapp,laptop.database.secondouclogin.users,CsvUtente,595,0,54,0,127,0,40,0,13,0
BookShopOnline25 Maven Webapp,laptop.model.pagamento,Pagamento,16,3,4,0,2,1,4,1,2,1
BookShopOnline25 Maven Webapp,laptop.model.pagamento,PagamentoCartaCredito,70,38,0,0,23,16,16,5,16,5
BookShopOnline25 Maven Webapp,laptop.model.pagamento,PagamentoFattura,56,59,2,0,21,19,16,8,15,8
BookShopOnline25 Maven Webapp,laptop.database.primoucacquista.pagamentocartacredito,PagamentoCartaCreditoDao,303,0,8,0,84,0,12,0,8,0
BookShopOnline25 Maven Webapp,laptop.database.primoucacquista.pagamentocartacredito,MemoriaPagamentoCartaCredito,125,211,6,6,31,49,5,7,1,5
BookShopOnline25 Maven Webapp,laptop.database.primoucacquista.pagamentocartacredito,PersistenzaPagamentoCartaCredito,41,3,4,0,9,1,7,1,5,1
BookShopOnline25 Maven Webapp,laptop.database.primoucacquista.pagamentocartacredito,CsvPagamentoCartaCredito,582,0,34,0,138,0,32,0,15,0
BookShopOnline25 Maven Webapp,laptop.database.primoucacquista.pagamentofattura,CsvFattura,514,0,24,0,126,0,23,0,11,0
BookShopOnline25 Maven Webapp,laptop.database.primoucacquista.pagamentofattura,MemoriaFattura,57,272,1,11,17,60,1,11,0,6
BookShopOnline25 Maven Webapp,laptop.database.primoucacquista.pagamentofattura,ContrassegnoDao,323,0,8,0,94,0,12,0,8,0
BookShopOnline25 Maven Webapp,laptop.database.primoucacquista.pagamentofattura,PersistenzaPagamentoFattura,45,3,4,0,10,1,7,1,5,1
BookShopOnline25 Maven Webapp,laptop.database.primoucacquista.rivista,PersistenzaRivista,42,3,4,0,10,1,8,1,6,1
BookShopOnline25 Maven Webapp,laptop.database.primoucacquista.rivista,CsvRivista,1064,0,114,0,229,0,76,0,19,0
BookShopOnline25 Maven Webapp,laptop.database.primoucacquista.rivista,RivistaDao,438,0,14,0,87,0,14,0,7,0
BookShopOnline25 Maven Webapp,laptop.database.primoucacquista.rivista,MemoriaRivista,7,101,3,7,2,20,3,10,0,8
BookShopOnline25 Maven Webapp,laptop.controller.secondouclogin,ControllerRegistraUtente,251,0,28,0,52,0,27,0,12,0
BookShopOnline25 Maven Webapp,laptop.controller.secondouclogin,ControllerAggiornaPassword,109,0,10,0,19,0,11,0,5,0
BookShopOnline25 Maven Webapp,laptop.controller.secondouclogin,ControllerLogin,122,163,15,10,26,35,12,7,1,2
BookShopOnline25 Maven Webapp,laptop.exception,IdException,4,0,0,0,2,0,1,0,1,0
BookShopOnline25 Maven Webapp,laptop.exception,AcquistaException,4,0,0,0,2,0,1,0,1,0
BookShopOnline25 Maven Webapp,laptop.exception,LogoutException,4,0,0,0,2,0,1,0,1,0
BookShopOnline25 Maven Webapp,laptop.exception,PersistenzaException,4,0,0,0,2,0,1,0,1,0
BookShopOnline25 Maven Webapp,laptop.database.primoucacquista.libro,PersistenzaLibro,42,3,4,0,10,1,8,1,6,1
BookShopOnline25 Maven Webapp,laptop.database.primoucacquista.libro,MemoriaLibro,7,112,4,8,2,22,4,10,0,8
BookShopOnline25 Maven Webapp,laptop.database.primoucacquista.libro,LibroDao,630,0,14,0,114,0,15,0,8,0
BookShopOnline25 Maven Webapp,laptop.database.primoucacquista.libro,CsvLibro,1153,0,118,0,247,0,78,0,19,0
BookShopOnline25 Maven Webapp,laptop.controller.primoucacquista,ControllerScegliNegozio,51,76,9,3,9,11,9,4,0,4
BookShopOnline25 Maven Webapp,laptop.controller.primoucacquista,ControllerDownload,161,240,20,14,26,41,17,9,1,4
BookShopOnline25 Maven Webapp,laptop.controller.primoucacquista,ControllerPagamentoCC,483,504,66,38,85,99,67,14,5,11
BookShopOnline25 Maven Webapp,laptop.controller.primoucacquista,ControllerVisualizza,120,67,14,2,22,15,14,3,2,3
BookShopOnline25 Maven Webapp,laptop.controller.primoucacquista,ControllerCompravendita,70,101,12,8,14,23,12,5,0,3
BookShopOnline25 Maven Webapp,laptop.controller.primoucacquista,ControllerRicerca,461,0,56,0,79,0,39,0,7,0
BookShopOnline25 Maven Webapp,laptop.controller.primoucacquista,ControllerHomePage,75,111,13,9,14,23,15,9,2,7
BookShopOnline25 Maven Webapp,laptop.controller.primoucacquista,ControllerAnnullaPagamento,108,155,24,12,24,31,22,5,0,5
BookShopOnline25 Maven Webapp,laptop.controller.primoucacquista,ControllerAcquista,56,230,10,6,10,35,10,6,0,4
BookShopOnline25 Maven Webapp,laptop.controller.primoucacquista,ControllerPagamentoCash,194,335,29,17,35,63,29,7,1,3
BookShopOnline25 Maven Webapp,laptop.model,CartaDiCredito,122,0,0,0,38,0,21,0,21,0
BookShopOnline25 Maven Webapp,laptop.model,Negozio,18,51,0,0,3,21,3,10,3,10
BookShopOnline25 Maven Webapp,laptop.model,Report,29,30,0,0,6,14,6,8,6,8
BookShopOnline25 Maven Webapp,laptop.database.primoucacquista.pagamentototale,PersistenzaPagamentoTotale,36,3,8,0,6,1,9,1,5,1
BookShopOnline25 Maven Webapp,laptop.database.primoucacquista.pagamentototale,PagamentoTotaleMemoria,67,287,3,9,19,70,3,10,0,7
BookShopOnline25 Maven Webapp,laptop.database.primoucacquista.pagamentototale,PagamentoTotaleCsv,616,0,26,0,141,0,26,0,13,0
BookShopOnline25 Maven Webapp,laptop.database.primoucacquista.pagamentototale,PagamentoTotaleDao,101,0,4,0,28,0,8,0,6,0
BookShopOnline25 Maven Webapp,laptop.controller.terzoucgestioneprofiloggetto,ControllerVisualizzaOrdini,143,105,24,6,26,24,19,5,1,5
BookShopOnline25 Maven Webapp,laptop.controller.terzoucgestioneprofiloggetto,ControllerVisualizzaProfilo,318,0,32,0,65,0,25,0,7,0
BookShopOnline25 Maven Webapp,laptop.controller.terzoucgestioneprofiloggetto,ControllerAdmin,141,0,12,0,31,0,10,0,3,0
BookShopOnline25 Maven Webapp,laptop.controller.terzoucgestioneprofiloggetto,ControllerRaccolta,350,0,38,0,62,0,34,0,7,0
BookShopOnline25 Maven Webapp,laptop.controller.terzoucgestioneprofiloggetto,ControllerReport,247,0,20,0,48,0,21,0,6,0
BookShopOnline25 Maven Webapp,laptop.controller.terzoucgestioneprofiloggetto,ControllerGestione,829,0,50,0,144,0,48,0,12,0
BookShopOnline25 Maven Webapp,laptop.controller.terzoucgestioneprofiloggetto,ControllerUtenti,101,0,10,0,20,0,11,0,4,0
BookShopOnline25 Maven Webapp,laptop.controller.terzoucgestioneprofiloggetto,ControllerGestioneUtente,305,0,22,0,52,0,19,0,5,0
BookShopOnline25 Maven Webapp,laptop.model.raccolta,Factory,289,0,16,0,47,0,18,0,9,0
BookShopOnline25 Maven Webapp,laptop.model.raccolta,MatchParam,62,0,0,0,16,0,3,0,3,0
BookShopOnline25 Maven Webapp,laptop.model.raccolta,Giornale,215,65,4,0,51,28,13,16,11,16
BookShopOnline25 Maven Webapp,laptop.model.raccolta,CategorieRivista,0,87,0,0,0,5,0,1,0,1
BookShopOnline25 Maven Webapp,laptop.model.raccolta,Libro,459,317,42,18,96,93,55,40,13,27
BookShopOnline25 Maven Webapp,laptop.model.raccolta,CategorieLibro,0,177,0,0,0,10,0,1,0,1
BookShopOnline25 Maven Webapp,laptop.model.raccolta,Rivista,166,216,13,6,51,64,22,25,9,22
BookShopOnline25 Maven Webapp,laptop.database.primoucacquista.cartacredito,CartaCreditoDao,136,0,4,0,36,0,6,0,4,0
BookShopOnline25 Maven Webapp,laptop.database.primoucacquista.cartacredito,PersistenzaCC,32,0,2,0,8,0,5,0,4,0
BookShopOnline25 Maven Webapp,laptop.database.primoucacquista.cartacredito,CsvCartaCredito,250,0,16,0,56,0,13,0,5,0
BookShopOnline25 Maven Webapp,laptop.database.primoucacquista.giornale,PersistenzaGiornale,42,3,4,0,10,1,8,1,6,1
BookShopOnline25 Maven Webapp,laptop.database.primoucacquista.giornale,GiornaleDao,446,0,14,0,94,0,14,0,7,0
BookShopOnline25 Maven Webapp,laptop.database.primoucacquista.giornale,MemoriaGiornale,42,68,4,6,10,13,6,7,3,5
BookShopOnline25 Maven Webapp,laptop.database.primoucacquista.giornale,CsvGiornale,1076,0,108,0,234,0,74,0,20,0
BookShopOnline25 Maven Webapp,laptop.database.primoucacquista.negozio,NegozioDao,150,0,10,0,45,0,10,0,5,0
BookShopOnline25 Maven Webapp,laptop.database.primoucacquista.negozio,PersistenzaNegozio,23,3,0,0,7,1,4,1,4,1
BookShopOnline25 Maven Webapp,laptop.database.primoucacquista.negozio,CsvNegozio,259,0,18,0,58,0,16,0,7,0
BookShopOnline25 Maven Webapp,laptop.database.primoucacquista.negozio,MemoriaNegozio,59,219,0,12,16,49,0,13,0,7
BookShopOnline25 Maven Webapp,laptop.utilities,ConnToDb,111,0,0,0,36,0,7,0,7,0
BookShopOnline25 Maven Webapp,laptop.controller,ControllerSystemState,24,86,0,2,10,36,7,24,7,23
