GROUP,PACKAGE,CLASS,INSTRUCTION_MISSED,INSTRUCTION_COVERED,BRANCH_MISSED,BRANCH_COVERED,LINE_MISSED,LINE_COVERED,COMPLEXITY_MISSED,COMPLEXITY_COVERED,METHOD_MISSED,METHOD_COVERED
BookShopOnline25 Maven Webapp,laptop.database,MemoryInitialize,244,816,19,39,49,168,14,37,1,19
BookShopOnline25 Maven Webapp,laptop.database,DaoInitialize,44,408,4,20,11,131,4,24,0,10
BookShopOnline25 Maven Webapp,laptop.model.user,TempUser.RuoliT,0,33,0,0,0,6,0,1,0,1
BookShopOnline25 Maven Webapp,laptop.model.user,User,12,147,0,7,1,43,1,24,1,19
BookShopOnline25 Maven Webapp,laptop.model.user,User.Ruoli,0,33,0,0,0,6,0,1,0,1
BookShopOnline25 Maven Webapp,laptop.model.user,TempUser,0,115,0,5,0,31,0,22,0,18
BookShopOnline25 Maven Webapp,laptop.database.terzoucgestioneprofiloggetto.report,ReportDao,48,221,4,10,13,66,4,11,0,7
BookShopOnline25 Maven Webapp,laptop.database.terzoucgestioneprofiloggetto.report,CsvReport,41,460,2,16,11,106,2,18,0,10
BookShopOnline25 Maven Webapp,laptop.database.terzoucgestioneprofiloggetto.report,MemoriaReport,102,95,6,2,28,24,5,4,1,3
BookShopOnline25 Maven Webapp,laptop.database.terzoucgestioneprofiloggetto.report,PersistenzaReport,88,3,8,0,18,1,9,1,5,1
BookShopOnline25 Maven Webapp,laptop.database.secondouclogin.users,UsersDao,22,207,2,8,6,50,2,9,0,6
BookShopOnline25 Maven Webapp,laptop.database.secondouclogin.users,MemoriaUtente,220,157,12,4,52,35,8,6,2,4
BookShopOnline25 Maven Webapp,laptop.database.secondouclogin.users,PersistenzaUtente,51,53,8,2,8,13,8,3,3,3
BookShopOnline25 Maven Webapp,laptop.database.secondouclogin.users,CsvUtente,135,460,20,34,31,96,20,20,1,12
BookShopOnline25 Maven Webapp,laptop.model.pagamento,Pagamento,16,3,4,0,2,1,4,1,2,1
BookShopOnline25 Maven Webapp,laptop.model.pagamento,PagamentoCartaCredito,20,83,0,0,3,35,3,18,3,18
BookShopOnline25 Maven Webapp,laptop.model.pagamento,PagamentoFattura,25,90,2,0,3,37,4,20,3,20
BookShopOnline25 Maven Webapp,laptop.database.primoucacquista.pagamentocartacredito,PagamentoCartaCreditoDao,62,241,3,5,18,66,3,9,1,7
BookShopOnline25 Maven Webapp,laptop.database.primoucacquista.pagamentocartacredito,MemoriaPagamentoCartaCredito,72,264,3,9,21,59,3,9,0,6
BookShopOnline25 Maven Webapp,laptop.database.primoucacquista.pagamentocartacredito,PersistenzaPagamentoCartaCredito,105,3,10,0,20,1,11,1,6,1
BookShopOnline25 Maven Webapp,laptop.database.primoucacquista.pagamentocartacredito,CsvPagamentoCartaCredito,105,493,6,28,30,113,7,25,1,14
BookShopOnline25 Maven Webapp,laptop.database.primoucacquista.pagamentofattura,CsvFattura,105,409,5,19,31,95,6,17,1,10
BookShopOnline25 Maven Webapp,laptop.database.primoucacquista.pagamentofattura,MemoriaFattura,57,263,2,10,17,59,2,10,0,6
BookShopOnline25 Maven Webapp,laptop.database.primoucacquista.pagamentofattura,ContrassegnoDao,63,260,3,5,20,74,3,9,1,7
BookShopOnline25 Maven Webapp,laptop.database.primoucacquista.pagamentofattura,PersistenzaPagamentoFattura,74,38,9,1,12,10,9,3,4,3
BookShopOnline25 Maven Webapp,laptop.database.primoucacquista.rivista,PersistenzaRivista,42,59,7,3,8,13,9,4,5,3
BookShopOnline25 Maven Webapp,laptop.database.primoucacquista.rivista,CsvRivista,133,931,34,80,31,198,33,43,0,19
BookShopOnline25 Maven Webapp,laptop.database.primoucacquista.rivista,RivistaDao,37,401,3,11,10,77,3,11,0,7
BookShopOnline25 Maven Webapp,laptop.database.primoucacquista.rivista,MemoriaRivista,7,101,3,7,2,20,3,10,0,8
BookShopOnline25 Maven Webapp,laptop.controller.secondouclogin,ControllerRegistraUtente,55,196,15,13,10,42,15,12,2,10
BookShopOnline25 Maven Webapp,laptop.controller.secondouclogin,ControllerAggiornaPassword,11,98,3,7,2,17,3,8,0,5
BookShopOnline25 Maven Webapp,laptop.controller.secondouclogin,ControllerLogin,80,205,12,13,14,47,9,10,1,2
BookShopOnline25 Maven Webapp,laptop.exception,IdException,0,4,0,0,0,2,0,1,0,1
BookShopOnline25 Maven Webapp,laptop.exception,AcquistaException,4,0,0,0,2,0,1,0,1,0
BookShopOnline25 Maven Webapp,laptop.exception,LogoutException,4,0,0,0,2,0,1,0,1,0
BookShopOnline25 Maven Webapp,laptop.exception,PersistenzaException,4,0,0,0,2,0,1,0,1,0
BookShopOnline25 Maven Webapp,laptop.database.primoucacquista.libro,PersistenzaLibro,50,59,7,3,9,13,9,4,5,3
BookShopOnline25 Maven Webapp,laptop.database.primoucacquista.libro,MemoriaLibro,7,112,4,8,2,22,4,10,0,8
BookShopOnline25 Maven Webapp,laptop.database.primoucacquista.libro,LibroDao,37,593,3,11,10,104,3,12,0,8
BookShopOnline25 Maven Webapp,laptop.database.primoucacquista.libro,CsvLibro,169,984,36,82,40,207,35,43,0,19
BookShopOnline25 Maven Webapp,laptop.controller.primoucacquista,ControllerScegliNegozio,15,112,3,9,3,17,3,10,0,4
BookShopOnline25 Maven Webapp,laptop.controller.primoucacquista,ControllerDownload,26,375,8,26,5,62,8,18,0,5
BookShopOnline25 Maven Webapp,laptop.controller.primoucacquista,ControllerPagamentoCC,120,867,39,65,25,159,40,41,1,15
BookShopOnline25 Maven Webapp,laptop.controller.primoucacquista,ControllerVisualizza,26,161,5,11,5,32,5,12,0,5
BookShopOnline25 Maven Webapp,laptop.controller.primoucacquista,ControllerCompravendita,34,137,6,14,8,29,6,11,0,3
BookShopOnline25 Maven Webapp,laptop.controller.primoucacquista,ControllerRicerca,175,286,26,30,35,44,21,18,2,5
BookShopOnline25 Maven Webapp,laptop.controller.primoucacquista,ControllerHomePage,39,147,7,15,8,29,9,15,2,7
BookShopOnline25 Maven Webapp,laptop.controller.primoucacquista,ControllerAnnullaPagamento,22,241,10,26,4,51,10,17,0,5
BookShopOnline25 Maven Webapp,laptop.controller.primoucacquista,ControllerAcquista,20,266,4,12,4,41,4,12,0,4
BookShopOnline25 Maven Webapp,laptop.controller.primoucacquista,ControllerPagamentoCash,42,483,11,35,8,89,11,25,0,4
BookShopOnline25 Maven Webapp,laptop.model,CartaDiCredito,34,88,0,0,11,27,7,14,7,14
BookShopOnline25 Maven Webapp,laptop.model,Negozio,18,51,0,0,3,21,3,10,3,10
BookShopOnline25 Maven Webapp,laptop.model,Report,14,45,0,0,1,19,1,13,1,13
BookShopOnline25 Maven Webapp,laptop.database.primoucacquista.pagamentototale,PersistenzaPagamentoTotale,90,13,12,2,15,3,11,3,4,3
BookShopOnline25 Maven Webapp,laptop.database.primoucacquista.pagamentototale,PagamentoTotaleMemoria,60,294,3,9,17,72,3,10,0,7
BookShopOnline25 Maven Webapp,laptop.database.primoucacquista.pagamentototale,PagamentoTotaleCsv,106,510,5,21,30,111,6,20,1,12
BookShopOnline25 Maven Webapp,laptop.database.primoucacquista.pagamentototale,PagamentoTotaleDao,28,73,2,2,6,22,3,5,1,5
BookShopOnline25 Maven Webapp,laptop.controller.terzoucgestioneprofiloggetto,ControllerVisualizzaOrdini,17,231,8,22,3,47,8,16,0,6
BookShopOnline25 Maven Webapp,laptop.controller.terzoucgestioneprofiloggetto,ControllerVisualizzaProfilo,22,296,12,20,4,61,12,13,0,7
BookShopOnline25 Maven Webapp,laptop.controller.terzoucgestioneprofiloggetto,ControllerAdmin,11,130,4,8,2,29,4,6,0,3
BookShopOnline25 Maven Webapp,laptop.controller.terzoucgestioneprofiloggetto,ControllerRaccolta,76,274,16,22,14,48,16,18,0,7
BookShopOnline25 Maven Webapp,laptop.controller.terzoucgestioneprofiloggetto,ControllerReport,163,84,16,4,31,17,16,5,3,3
BookShopOnline25 Maven Webapp,laptop.controller.terzoucgestioneprofiloggetto,ControllerGestione,335,494,35,15,56,88,33,15,4,8
BookShopOnline25 Maven Webapp,laptop.controller.terzoucgestioneprofiloggetto,ControllerUtenti,22,79,4,6,4,16,4,7,0,4
BookShopOnline25 Maven Webapp,laptop.controller.terzoucgestioneprofiloggetto,ControllerGestioneUtente,87,218,13,9,14,38,11,8,1,4
BookShopOnline25 Maven Webapp,laptop.model.raccolta,Factory,14,275,1,15,4,43,1,17,0,9
BookShopOnline25 Maven Webapp,laptop.model.raccolta,MatchParam,0,62,0,0,0,16,0,3,0,3
BookShopOnline25 Maven Webapp,laptop.model.raccolta,Giornale,27,253,1,3,6,73,2,27,1,26
BookShopOnline25 Maven Webapp,laptop.model.raccolta,CategorieRivista,0,87,0,0,0,5,0,1,0,1
BookShopOnline25 Maven Webapp,laptop.model.raccolta,Libro,334,442,42,18,65,124,43,52,1,39
BookShopOnline25 Maven Webapp,laptop.model.raccolta,CategorieLibro,0,177,0,0,0,10,0,1,0,1
BookShopOnline25 Maven Webapp,laptop.model.raccolta,Rivista,82,300,12,7,27,88,13,34,1,30
BookShopOnline25 Maven Webapp,laptop.database.primoucacquista.cartacredito,CartaCreditoDao,15,121,1,3,4,32,1,5,0,4
BookShopOnline25 Maven Webapp,laptop.database.primoucacquista.cartacredito,PersistenzaCC,67,3,6,0,14,1,7,1,4,1
BookShopOnline25 Maven Webapp,laptop.database.primoucacquista.cartacredito,CsvCartaCredito,53,197,6,10,12,44,5,8,0,5
BookShopOnline25 Maven Webapp,laptop.database.primoucacquista.giornale,PersistenzaGiornale,50,59,7,3,9,13,9,4,5,3
BookShopOnline25 Maven Webapp,laptop.database.primoucacquista.giornale,GiornaleDao,37,409,3,11,10,84,3,11,0,7
BookShopOnline25 Maven Webapp,laptop.database.primoucacquista.giornale,MemoriaGiornale,42,68,4,6,10,13,6,7,3,5
BookShopOnline25 Maven Webapp,laptop.database.primoucacquista.giornale,CsvGiornale,180,892,30,78,43,189,29,44,0,19
BookShopOnline25 Maven Webapp,laptop.database.primoucacquista.negozio,NegozioDao,21,129,2,8,6,39,2,8,0,5
BookShopOnline25 Maven Webapp,laptop.database.primoucacquista.negozio,PersistenzaNegozio,31,59,3,3,6,13,5,4,3,3
BookShopOnline25 Maven Webapp,laptop.database.primoucacquista.negozio,CsvNegozio,50,209,4,14,13,45,4,12,0,7
BookShopOnline25 Maven Webapp,laptop.database.primoucacquista.negozio,MemoriaNegozio,59,219,0,12,16,49,0,13,0,7
BookShopOnline25 Maven Webapp,laptop.utilities,ConnToDb,13,98,0,0,5,31,2,5,2,5
BookShopOnline25 Maven Webapp,laptop.controller,ControllerSystemState,17,93,0,2,7,39,5,26,5,25
