GROUP,PACKAGE,CLASS,INSTRUCTION_MISSED,INSTRUCTION_COVERED,BRANCH_MISSED,BRANCH_COVERED,LINE_MISSED,LINE_COVERED,COMPLEXITY_MISSED,COMPLEXITY_COVERED,METHOD_MISSED,METHOD_COVERED
BookShopOnline25 Maven Webapp,laptop.database,MemoryInitialize,157,804,19,39,25,158,14,36,1,18
BookShopOnline25 Maven Webapp,laptop.database,DaoInitialize,44,408,4,20,11,131,4,24,0,10
BookShopOnline25 Maven Webapp,laptop.model.user,TempUser.RuoliT,0,33,0,0,0,6,0,1,0,1
BookShopOnline25 Maven Webapp,laptop.model.user,User,14,147,0,7,1,43,1,24,1,19
BookShopOnline25 Maven Webapp,laptop.model.user,User.Ruoli,0,33,0,0,0,6,0,1,0,1
BookShopOnline25 Maven Webapp,laptop.model.user,TempUser,0,115,0,5,0,31,0,22,0,18
BookShopOnline25 Maven Webapp,laptop.database.terzoucgestioneprofiloggetto.report,ReportDao,34,219,4,10,9,64,4,11,0,7
BookShopOnline25 Maven Webapp,laptop.database.terzoucgestioneprofiloggetto.report,CsvReport,13,458,2,16,3,104,2,18,0,10
BookShopOnline25 Maven Webapp,laptop.database.terzoucgestioneprofiloggetto.report,MemoriaReport,80,93,6,2,21,22,5,4,1,3
BookShopOnline25 Maven Webapp,laptop.database.terzoucgestioneprofiloggetto.report,PersistenzaReport,94,3,8,0,21,1,9,1,5,1
BookShopOnline25 Maven Webapp,laptop.database.secondouclogin.users,UsersDao,8,205,2,8,2,48,2,9,0,6
BookShopOnline25 Maven Webapp,laptop.database.secondouclogin.users,MemoriaUtente,167,154,12,4,34,32,8,6,2,4
BookShopOnline25 Maven Webapp,laptop.database.secondouclogin.users,PersistenzaUtente,55,53,8,2,10,13,8,3,3,3
BookShopOnline25 Maven Webapp,laptop.database.secondouclogin.users,CsvUtente,85,448,20,34,16,88,20,20,1,12
BookShopOnline25 Maven Webapp,laptop.model.pagamento,Pagamento,16,3,4,0,2,1,4,1,2,1
BookShopOnline25 Maven Webapp,laptop.model.pagamento,PagamentoCartaCredito,6,83,0,0,2,35,2,18,2,18
BookShopOnline25 Maven Webapp,laptop.model.pagamento,PagamentoFattura,11,90,2,0,2,37,3,20,2,20
BookShopOnline25 Maven Webapp,laptop.database.primoucacquista.pagamentocartacredito,PagamentoCartaCreditoDao,62,241,3,5,18,66,3,9,1,7
BookShopOnline25 Maven Webapp,laptop.database.primoucacquista.pagamentocartacredito,MemoriaPagamentoCartaCredito,7,257,3,9,3,53,3,9,0,6
BookShopOnline25 Maven Webapp,laptop.database.primoucacquista.pagamentocartacredito,PersistenzaPagamentoCartaCredito,113,3,10,0,24,1,11,1,6,1
BookShopOnline25 Maven Webapp,laptop.database.primoucacquista.pagamentocartacredito,CsvPagamentoCartaCredito,23,482,6,28,6,105,7,25,1,14
BookShopOnline25 Maven Webapp,laptop.database.primoucacquista.pagamentofattura,CsvFattura,30,400,5,19,9,88,6,17,1,10
BookShopOnline25 Maven Webapp,laptop.database.primoucacquista.pagamentofattura,MemoriaFattura,7,257,2,10,3,53,2,10,0,6
BookShopOnline25 Maven Webapp,laptop.database.primoucacquista.pagamentofattura,ContrassegnoDao,63,260,3,5,20,74,3,9,1,7
BookShopOnline25 Maven Webapp,laptop.database.primoucacquista.pagamentofattura,PersistenzaPagamentoFattura,82,38,9,1,16,10,9,3,4,3
BookShopOnline25 Maven Webapp,laptop.database.primoucacquista.rivista,PersistenzaRivista,50,59,7,3,12,13,9,4,5,3
BookShopOnline25 Maven Webapp,laptop.database.primoucacquista.rivista,CsvRivista,41,911,34,80,5,183,33,43,0,19
BookShopOnline25 Maven Webapp,laptop.database.primoucacquista.rivista,RivistaDao,37,401,3,11,10,77,3,11,0,7
BookShopOnline25 Maven Webapp,laptop.database.primoucacquista.rivista,MemoriaRivista,0,100,3,7,0,19,3,10,0,8
BookShopOnline25 Maven Webapp,laptop.controller.secondouclogin,ControllerRegistraUtente,48,196,15,13,7,42,15,12,2,10
BookShopOnline25 Maven Webapp,laptop.controller.secondouclogin,ControllerAggiornaPassword,11,98,3,7,2,17,3,8,0,5
BookShopOnline25 Maven Webapp,laptop.controller.secondouclogin,ControllerLogin,80,205,12,13,14,47,9,10,1,2
BookShopOnline25 Maven Webapp,laptop.exception,IdException,0,4,0,0,0,2,0,1,0,1
BookShopOnline25 Maven Webapp,laptop.exception,AcquistaException,4,0,0,0,2,0,1,0,1,0
BookShopOnline25 Maven Webapp,laptop.exception,LogoutException,4,0,0,0,2,0,1,0,1,0
BookShopOnline25 Maven Webapp,laptop.exception,PersistenzaException,4,0,0,0,2,0,1,0,1,0
BookShopOnline25 Maven Webapp,laptop.database.primoucacquista.libro,PersistenzaLibro,58,59,7,3,13,13,9,4,5,3
BookShopOnline25 Maven Webapp,laptop.database.primoucacquista.libro,MemoriaLibro,0,111,4,8,0,21,4,10,0,8
BookShopOnline25 Maven Webapp,laptop.database.primoucacquista.libro,LibroDao,37,593,3,11,10,104,3,12,0,8
BookShopOnline25 Maven Webapp,laptop.database.primoucacquista.libro,CsvLibro,36,969,36,82,4,194,35,43,0,19
BookShopOnline25 Maven Webapp,laptop.controller.primoucacquista,ControllerScegliNegozio,15,112,3,9,3,17,3,10,0,4
BookShopOnline25 Maven Webapp,laptop.controller.primoucacquista,ControllerDownload,26,375,8,26,5,62,8,18,0,5
BookShopOnline25 Maven Webapp,laptop.controller.primoucacquista,ControllerPagamentoCC,116,861,38,64,25,156,39,40,1,14
BookShopOnline25 Maven Webapp,laptop.controller.primoucacquista,ControllerVisualizza,26,161,5,11,5,32,5,12,0,5
BookShopOnline25 Maven Webapp,laptop.controller.primoucacquista,ControllerCompravendita,34,137,6,14,8,29,6,11,0,3
BookShopOnline25 Maven Webapp,laptop.controller.primoucacquista,ControllerRicerca,175,286,26,30,35,44,21,18,2,5
BookShopOnline25 Maven Webapp,laptop.controller.primoucacquista,ControllerHomePage,39,147,7,15,8,29,9,15,2,7
BookShopOnline25 Maven Webapp,laptop.controller.primoucacquista,ControllerAnnullaPagamento,22,241,10,26,4,51,10,17,0,5
BookShopOnline25 Maven Webapp,laptop.controller.primoucacquista,ControllerAcquista,20,266,4,12,4,41,4,12,0,4
BookShopOnline25 Maven Webapp,laptop.controller.primoucacquista,ControllerPagamentoCash,42,483,11,35,8,89,11,25,0,4
BookShopOnline25 Maven Webapp,laptop.model,CartaDiCredito,21,88,0,0,10,27,6,14,6,14
BookShopOnline25 Maven Webapp,laptop.model,Negozio,16,51,0,0,3,21,3,10,3,10
BookShopOnline25 Maven Webapp,laptop.model,Report,0,45,0,0,0,19,0,13,0,13
BookShopOnline25 Maven Webapp,laptop.database.primoucacquista.pagamentototale,PagamentoTotaleMemoria,3,289,3,9,1,65,3,10,0,7
BookShopOnline25 Maven Webapp,laptop.database.primoucacquista.pagamentototale,PagamentoTotaleCsv,40,502,5,21,11,104,6,20,1,12
BookShopOnline25 Maven Webapp,laptop.database.primoucacquista.pagamentototale,PagamentoTotaleDao,28,73,2,2,6,22,3,5,1,5
BookShopOnline25 Maven Webapp,laptop.database.primoucacquista.pagamentototale,PersistenzzaPagamentoTotale,44,65,9,5,8,14,9,5,3,4
BookShopOnline25 Maven Webapp,laptop.controller.terzoucgestioneprofiloggetto,ControllerVisualizzaOrdini,17,231,8,22,3,47,8,16,0,6
BookShopOnline25 Maven Webapp,laptop.controller.terzoucgestioneprofiloggetto,ControllerVisualizzaProfilo,22,296,12,20,4,61,12,13,0,7
BookShopOnline25 Maven Webapp,laptop.controller.terzoucgestioneprofiloggetto,ControllerAdmin,11,130,4,8,2,29,4,6,0,3
BookShopOnline25 Maven Webapp,laptop.controller.terzoucgestioneprofiloggetto,ControllerRaccolta,76,274,16,22,14,48,16,18,0,7
BookShopOnline25 Maven Webapp,laptop.controller.terzoucgestioneprofiloggetto,ControllerReport,163,84,16,4,31,17,16,5,3,3
BookShopOnline25 Maven Webapp,laptop.controller.terzoucgestioneprofiloggetto,ControllerGestione,335,494,35,15,56,88,33,15,4,8
BookShopOnline25 Maven Webapp,laptop.controller.terzoucgestioneprofiloggetto,ControllerUtenti,22,79,4,6,4,16,4,7,0,4
BookShopOnline25 Maven Webapp,laptop.controller.terzoucgestioneprofiloggetto,ControllerGestioneUtente,87,218,13,9,14,38,11,8,1,4
BookShopOnline25 Maven Webapp,laptop.model.raccolta,Factory,14,275,1,15,4,43,1,17,0,9
BookShopOnline25 Maven Webapp,laptop.model.raccolta,MatchParam,0,62,0,0,0,16,0,3,0,3
BookShopOnline25 Maven Webapp,laptop.model.raccolta,Giornale,12,252,1,3,3,72,1,27,0,26
BookShopOnline25 Maven Webapp,laptop.model.raccolta,CategorieRivista,0,87,0,0,0,5,0,1,0,1
BookShopOnline25 Maven Webapp,laptop.model.raccolta,Libro,324,442,42,18,64,124,42,52,0,39
BookShopOnline25 Maven Webapp,laptop.model.raccolta,CategorieLibro,0,177,0,0,0,10,0,1,0,1
BookShopOnline25 Maven Webapp,laptop.model.raccolta,Rivista,65,299,12,7,24,87,12,34,0,30
BookShopOnline25 Maven Webapp,laptop.database.primoucacquista.cartacredito,CartaCreditoDao,15,121,1,3,4,32,1,5,0,4
BookShopOnline25 Maven Webapp,laptop.database.primoucacquista.cartacredito,PersistenzaCC,68,3,6,0,15,1,7,1,4,1
BookShopOnline25 Maven Webapp,laptop.database.primoucacquista.cartacredito,CsvCartaCredito,9,193,6,10,0,40,5,8,0,5
BookShopOnline25 Maven Webapp,laptop.database.primoucacquista.giornale,PersistenzaGiornale,108,9,10,0,23,3,11,2,6,2
BookShopOnline25 Maven Webapp,laptop.database.primoucacquista.giornale,GiornaleDao,37,409,3,11,10,84,3,11,0,7
BookShopOnline25 Maven Webapp,laptop.database.primoucacquista.giornale,MemoriaGiornale,34,68,4,6,7,13,6,7,3,5
BookShopOnline25 Maven Webapp,laptop.database.primoucacquista.giornale,CsvGiornale,39,873,30,78,5,174,29,44,0,19
BookShopOnline25 Maven Webapp,laptop.database.primoucacquista.negozio,NegozioDao,21,129,2,8,6,39,2,8,0,5
BookShopOnline25 Maven Webapp,laptop.database.primoucacquista.negozio,PersistenzaNegozio,37,59,3,3,9,13,5,4,3,3
BookShopOnline25 Maven Webapp,laptop.database.primoucacquista.negozio,CsvNegozio,5,206,4,14,1,42,4,12,0,7
BookShopOnline25 Maven Webapp,laptop.database.primoucacquista.negozio,MemoriaNegozio,0,214,0,12,0,44,0,13,0,7
BookShopOnline25 Maven Webapp,laptop.utilities,ConnToDb,13,98,0,0,5,31,2,5,2,5
BookShopOnline25 Maven Webapp,laptop.controller,ControllerSystemState,17,93,0,2,7,39,5,26,5,25
