<?xml version="1.0" encoding="UTF-8"?>
<testsuite xmlns:xsi="http://www.w3.org/2001/XMLSchema-instance" xsi:noNamespaceSchemaLocation="https://maven.apache.org/surefire/maven-surefire-plugin/xsd/surefire-test-report-3.0.xsd" version="3.0" name="primoUcAcquista.testRivista.TestAcquistaRivista" time="9.171" tests="9" errors="0" skipped="0" failures="0">
  <properties>
[...]
</properties>
  <testcase name="testAcquistaRivistaCredito(String)[1]" classname="primoUcAcquista.testRivista.TestAcquistaRivista" time="4.042">
    <system-out><![CDATA[-- MySQL Script generated by MySQL Workbench
-- gio 28 dic 2023, 17:26:58
-- Model: New Model    Version: 1.0
-- MySQL Workbench Forward Engineering
SET @OLD_UNIQUE_CHECKS=@@UNIQUE_CHECKS, UNIQUE_CHECKS=0

SET @OLD_FOREIGN_KEY_CHECKS=@@FOREIGN_KEY_CHECKS, FOREIGN_KEY_CHECKS=0

-- -----------------------------------------------------
-- Schema mydb
-- -----------------------------------------------------
-- -----------------------------------------------------
-- Schema ISPW
-- -----------------------------------------------------
CREATE SCHEMA IF NOT EXISTS `ISPW` DEFAULT CHARACTER SET utf8mb4 COLLATE utf8mb4_0900_ai_ci 

USE `ISPW` 

-- -----------------------------------------------------
-- Table `ISPW`.`RIVISTA`
-- -----------------------------------------------------
CREATE TABLE IF NOT EXISTS `ISPW`.`RIVISTA` (
  `titolo` VARCHAR(200) NULL DEFAULT NULL,
  `categoria` VARCHAR(60) NULL DEFAULT NULL,
  `autore` VARCHAR(200) NULL DEFAULT NULL,
  `lingua` VARCHAR(10) NULL DEFAULT NULL,
  `editore` VARCHAR(200) NULL DEFAULT NULL,
  `descrizione` TEXT NULL DEFAULT NULL,
  `dataPubblicazione` DATE NULL DEFAULT NULL,
  `disp` INT NULL DEFAULT NULL,
  `prezzo` FLOAT NULL DEFAULT NULL,
  `copieRimanenti` INT NULL DEFAULT NULL,
  `idRivista` INT NOT NULL AUTO_INCREMENT,
  PRIMARY KEY (`idRivista`))
ENGINE = InnoDB
DEFAULT CHARACTER SET = utf8mb4
COLLATE = utf8mb4_0900_ai_ci

-- -----------------------------------------------------
-- Data for table `ISPW`.`RIVISTA`
-- -----------------------------------------------------
START TRANSACTION

USE `ISPW`

INSERT INTO `ISPW`.`RIVISTA` (`titolo`, `categoria`, `autore`, `lingua`, `editore`, `Descrizione`, `dataPubblicazione`, `disp`, `prezzo`, `copieRimanenti`, `idRivista`) VALUES ('Focus', 'MENSILE', 'Focus', 'italiano', 'Bao Publishing', 'Ogni tanto qualcosa e\' simpatica ufo a parte e l articolo di come combattere uno squalo e\' meraviglioso', '2021-01-13', 1, 5.0, 123, 1)

INSERT INTO `ISPW`.`RIVISTA` (`titolo`, `categoria`, `autore`, `lingua`, `editore`, `Descrizione`, `dataPubblicazione`, `disp`, `prezzo`, `copieRimanenti`, `idRivista`) VALUES ('Focus Junior', 'MENSILE', 'Focus', 'italiano', 'Bao Publishing', 'arino magari qualche bambino sviluppa interesse per il complottismo', '2021-01-21', 1, 2.0, 1234, 2)

INSERT INTO `ISPW`.`RIVISTA` (`titolo`, `categoria`, `autore`, `lingua`, `editore`, `Descrizione`, `dataPubblicazione`, `disp`, `prezzo`, `copieRimanenti`, `idRivista`) VALUES ('Tv Sorrisi e canzoni', 'SETTIMANALE', 'Panorama', 'italiano', 'Bao Publishing', 'ok', '2021-02-02', 0, 4.0, 50, 3)

INSERT INTO `ISPW`.`RIVISTA` (`titolo`, `categoria`, `autore`, `lingua`, `editore`, `Descrizione`, `dataPubblicazione`, `disp`, `prezzo`, `copieRimanenti`, `idRivista`) VALUES ('Rivista A', 'SPORTIVO', 'Bao Publishing', 'italiano', 'Bao Publishing', 'okok', '1970-01-01', 1, 2.0, 121, 4)

INSERT INTO `ISPW`.`RIVISTA` (`titolo`, `categoria`, `autore`, `lingua`, `editore`, `Descrizione`, `dataPubblicazione`, `disp`, `prezzo`, `copieRimanenti`, `idRivista`) VALUES ('Rivista B', 'SPORTIVO', 'Bao Publishing', 'italiano', 'Bao Publishing', 'testo casuale', '1970-01-01', 1, 2.0, 131, 5)

COMMIT

-- MySQL Script generated by MySQL Workbench
-- gio 28 dic 2023, 17:26:58
-- Model: New Model    Version: 1.0
-- MySQL Workbench Forward Engineering
SET @OLD_UNIQUE_CHECKS=@@UNIQUE_CHECKS, UNIQUE_CHECKS=0

SET @OLD_FOREIGN_KEY_CHECKS=@@FOREIGN_KEY_CHECKS, FOREIGN_KEY_CHECKS=0

-- -----------------------------------------------------
-- Schema mydb
-- -----------------------------------------------------
-- -----------------------------------------------------
-- Schema ISPW
-- -----------------------------------------------------
CREATE SCHEMA IF NOT EXISTS `ISPW` DEFAULT CHARACTER SET utf8mb4 COLLATE utf8mb4_0900_ai_ci 

USE `ISPW` 

-- -----------------------------------------------------
-- Table `ISPW`.`PAGAMENTO`
-- -----------------------------------------------------
CREATE TABLE IF NOT EXISTS `ISPW`.`PAGAMENTO` (
  `idPagamento` INT NOT NULL AUTO_INCREMENT,
  `metodo` VARCHAR(10) NULL DEFAULT NULL,
  `nomeUtente` VARCHAR(20) NULL DEFAULT NULL,
  `spesaTotale` FLOAT NULL DEFAULT NULL,
  `email` VARCHAR(100) NULL DEFAULT NULL,
  `tipoAcquisto` VARCHAR(50) NULL DEFAULT NULL,
  `idProdotto` INT NULL DEFAULT NULL,
  PRIMARY KEY (`idPagamento`))
ENGINE = InnoDB
DEFAULT CHARACTER SET = utf8mb4
COLLATE = utf8mb4_0900_ai_ci

-- MySQL Script generated by MySQL Workbench
-- gio 28 dic 2023, 17:26:58
-- Model: New Model    Version: 1.0
-- MySQL Workbench Forward Engineering
SET @OLD_UNIQUE_CHECKS=@@UNIQUE_CHECKS, UNIQUE_CHECKS=0

SET @OLD_FOREIGN_KEY_CHECKS=@@FOREIGN_KEY_CHECKS, FOREIGN_KEY_CHECKS=0

-- -----------------------------------------------------
-- Schema mydb
-- -----------------------------------------------------
-- -----------------------------------------------------
-- Schema ISPW
-- -----------------------------------------------------
CREATE SCHEMA IF NOT EXISTS `ISPW` DEFAULT CHARACTER SET utf8mb4 COLLATE utf8mb4_0900_ai_ci 

USE `ISPW` 

-- -----------------------------------------------------
-- Table `ISPW`.`NEGOZIO`
-- -----------------------------------------------------
CREATE TABLE IF NOT EXISTS `ISPW`.`NEGOZIO` (
  `idNegozio` INT NOT NULL AUTO_INCREMENT,
  `nome` VARCHAR(100) NULL DEFAULT NULL,
  `via` VARCHAR(100) NULL DEFAULT NULL,
  `isValid` TINYINT(1) NULL DEFAULT NULL,
  `isOpen` TINYINT(1) NULL DEFAULT NULL,
  PRIMARY KEY (`idNegozio`))
ENGINE = InnoDB
DEFAULT CHARACTER SET = utf8mb4
COLLATE = utf8mb4_0900_ai_ci

]]></system-out>
    <system-err><![CDATA[feb 19, 2025 2:45:21 PM laptop.utilities.ConnToDb generalConnection
INFORMAZIONI: Tentativo di conessione al server..........\\n
feb 19, 2025 2:45:21 PM laptop.utilities.ConnToDb generalConnection
INFORMAZIONI: Connesso standard a sys........

feb 19, 2025 2:45:21 PM laptop.utilities.ConnToDb connectionToDB
INFORMAZIONI: Tentativo di conessione al server..........\\n
feb 19, 2025 2:45:21 PM laptop.utilities.ConnToDb connectionToDB
INFORMAZIONI: Connesso standard a ISPW........

feb 19, 2025 2:45:23 PM laptop.utilities.ConnToDb connectionToDB
INFORMAZIONI: Tentativo di conessione al server..........\\n
feb 19, 2025 2:45:23 PM laptop.utilities.ConnToDb connectionToDB
INFORMAZIONI: Connesso standard a ISPW........

feb 19, 2025 2:45:23 PM laptop.utilities.ConnToDb connectionToDB
INFORMAZIONI: Tentativo di conessione al server..........\\n
feb 19, 2025 2:45:23 PM laptop.utilities.ConnToDb connectionToDB
INFORMAZIONI: Connesso standard a ISPW........

feb 19, 2025 2:45:24 PM laptop.utilities.ConnToDb connectionToDB
INFORMAZIONI: Tentativo di conessione al server..........\\n
feb 19, 2025 2:45:24 PM laptop.utilities.ConnToDb connectionToDB
INFORMAZIONI: Connesso standard a ISPW........

feb 19, 2025 2:45:24 PM laptop.utilities.ConnToDb connectionToDB
INFORMAZIONI: Tentativo di conessione al server..........\\n
feb 19, 2025 2:45:24 PM laptop.utilities.ConnToDb connectionToDB
INFORMAZIONI: Connesso standard a ISPW........

feb 19, 2025 2:45:24 PM laptop.utilities.ConnToDb connectionToDB
INFORMAZIONI: Tentativo di conessione al server..........\\n
feb 19, 2025 2:45:24 PM laptop.utilities.ConnToDb connectionToDB
INFORMAZIONI: Connesso standard a ISPW........

feb 19, 2025 2:45:24 PM laptop.utilities.ConnToDb connectionToDB
INFORMAZIONI: Tentativo di conessione al server..........\\n
feb 19, 2025 2:45:24 PM laptop.utilities.ConnToDb connectionToDB
INFORMAZIONI: Connesso standard a ISPW........

feb 19, 2025 2:45:24 PM laptop.utilities.ConnToDb connectionToDB
INFORMAZIONI: Tentativo di conessione al server..........\\n
feb 19, 2025 2:45:24 PM laptop.utilities.ConnToDb connectionToDB
INFORMAZIONI: Connesso standard a ISPW........

feb 19, 2025 2:45:24 PM laptop.utilities.ConnToDb generalConnection
INFORMAZIONI: Tentativo di conessione al server..........\\n
feb 19, 2025 2:45:24 PM laptop.utilities.ConnToDb generalConnection
INFORMAZIONI: Connesso standard a sys........

feb 19, 2025 2:45:24 PM laptop.utilities.ConnToDb connectionToDB
INFORMAZIONI: Tentativo di conessione al server..........\\n
feb 19, 2025 2:45:24 PM laptop.utilities.ConnToDb connectionToDB
INFORMAZIONI: Connesso standard a ISPW........

feb 19, 2025 2:45:24 PM laptop.database.DaoInitialize inizializza
INFORMAZIONI:  tables not pupulated
feb 19, 2025 2:45:24 PM laptop.utilities.ConnToDb connectionToDB
INFORMAZIONI: Tentativo di conessione al server..........\\n
feb 19, 2025 2:45:24 PM laptop.utilities.ConnToDb connectionToDB
INFORMAZIONI: Connesso standard a ISPW........

feb 19, 2025 2:45:24 PM laptop.utilities.ConnToDb connectionToDB
INFORMAZIONI: Tentativo di conessione al server..........\\n
feb 19, 2025 2:45:24 PM laptop.utilities.ConnToDb connectionToDB
INFORMAZIONI: Connesso standard a ISPW........

feb 19, 2025 2:45:24 PM laptop.utilities.ConnToDb connectionToDB
INFORMAZIONI: Tentativo di conessione al server..........\\n
feb 19, 2025 2:45:24 PM laptop.utilities.ConnToDb connectionToDB
INFORMAZIONI: Connesso standard a ISPW........

feb 19, 2025 2:45:24 PM laptop.utilities.ConnToDb connectionToDB
INFORMAZIONI: Tentativo di conessione al server..........\\n
feb 19, 2025 2:45:24 PM laptop.utilities.ConnToDb connectionToDB
INFORMAZIONI: Connesso standard a ISPW........

feb 19, 2025 2:45:24 PM laptop.utilities.ConnToDb connectionToDB
INFORMAZIONI: Tentativo di conessione al server..........\\n
feb 19, 2025 2:45:24 PM laptop.utilities.ConnToDb connectionToDB
INFORMAZIONI: Connesso standard a ISPW........

feb 19, 2025 2:45:24 PM laptop.controller.primoucacquista.ControllerCheckPagamentoData inserisciReport
INFORMAZIONI:  report inserted
feb 19, 2025 2:45:24 PM laptop.utilities.ConnToDb connectionToDB
INFORMAZIONI: Tentativo di conessione al server..........\\n
feb 19, 2025 2:45:24 PM laptop.utilities.ConnToDb connectionToDB
INFORMAZIONI: Connesso standard a ISPW........

feb 19, 2025 2:45:24 PM laptop.utilities.ConnToDb connectionToDB
INFORMAZIONI: Tentativo di conessione al server..........\\n
feb 19, 2025 2:45:24 PM laptop.utilities.ConnToDb connectionToDB
INFORMAZIONI: Connesso standard a ISPW........

feb 19, 2025 2:45:25 PM laptop.utilities.ConnToDb connectionToDB
INFORMAZIONI: Tentativo di conessione al server..........\\n
feb 19, 2025 2:45:25 PM laptop.utilities.ConnToDb connectionToDB
INFORMAZIONI: Connesso standard a ISPW........

feb 19, 2025 2:45:25 PM laptop.controller.primoucacquista.ControllerPagamentoCC pagamentoCC
INFORMAZIONI: Payment  done!!
feb 19, 2025 2:45:25 PM laptop.utilities.ConnToDb generalConnection
INFORMAZIONI: Tentativo di conessione al server..........\\n
feb 19, 2025 2:45:25 PM laptop.utilities.ConnToDb generalConnection
INFORMAZIONI: Connesso standard a sys........

feb 19, 2025 2:45:25 PM laptop.utilities.ConnToDb connectionToDB
INFORMAZIONI: Tentativo di conessione al server..........\\n
feb 19, 2025 2:45:25 PM laptop.utilities.ConnToDb connectionToDB
INFORMAZIONI: Connesso standard a ISPW........

feb 19, 2025 2:45:25 PM laptop.utilities.ConnToDb connectionToDB
INFORMAZIONI: Tentativo di conessione al server..........\\n
feb 19, 2025 2:45:25 PM laptop.utilities.ConnToDb connectionToDB
INFORMAZIONI: Connesso standard a ISPW........

feb 19, 2025 2:45:25 PM laptop.utilities.ConnToDb connectionToDB
INFORMAZIONI: Tentativo di conessione al server..........\\n
feb 19, 2025 2:45:25 PM laptop.utilities.ConnToDb connectionToDB
INFORMAZIONI: Connesso standard a ISPW........

feb 19, 2025 2:45:25 PM laptop.utilities.ConnToDb connectionToDB
INFORMAZIONI: Tentativo di conessione al server..........\\n
feb 19, 2025 2:45:25 PM laptop.utilities.ConnToDb connectionToDB
INFORMAZIONI: Connesso standard a ISPW........

feb 19, 2025 2:45:25 PM laptop.utilities.ConnToDb connectionToDB
INFORMAZIONI: Tentativo di conessione al server..........\\n
feb 19, 2025 2:45:25 PM laptop.utilities.ConnToDb connectionToDB
INFORMAZIONI: Connesso standard a ISPW........

]]></system-err>
  </testcase>
  <testcase name="testAcquistaRivistaCredito(String)[2]" classname="primoUcAcquista.testRivista.TestAcquistaRivista" time="0.028">
    <system-err><![CDATA[feb 19, 2025 2:45:25 PM laptop.database.rivista.CsvRivista initializza
INFORMAZIONI: 
 creating files ..
feb 19, 2025 2:45:25 PM laptop.database.rivista.CsvRivista initializza
GRAVE: 
 eccezione ottenuta nella modalità file.
java.io.IOException: cartella vuota
	at laptop.database.rivista.CsvRivista.initializza(CsvRivista.java:381)
	at laptop.controller.primoucacquista.ControllerHomePage.inizializzaRivista(ControllerHomePage.java:54)
	at laptop.controller.primoucacquista.ControllerHomePage.persistenza(ControllerHomePage.java:64)
	at primoUcAcquista.testRivista.TestAcquistaRivista.testAcquistaRivistaCredito(TestAcquistaRivista.java:57)
	at java.base/jdk.internal.reflect.NativeMethodAccessorImpl.invoke0(Native Method)
	at java.base/jdk.internal.reflect.NativeMethodAccessorImpl.invoke(NativeMethodAccessorImpl.java:77)
	at java.base/jdk.internal.reflect.DelegatingMethodAccessorImpl.invoke(DelegatingMethodAccessorImpl.java:43)
	at java.base/java.lang.reflect.Method.invoke(Method.java:569)
	at org.junit.platform.commons.util.ReflectionUtils.invokeMethod(ReflectionUtils.java:727)
	at org.junit.jupiter.engine.execution.MethodInvocation.proceed(MethodInvocation.java:60)
	at org.junit.jupiter.engine.execution.InvocationInterceptorChain$ValidatingInvocation.proceed(InvocationInterceptorChain.java:131)
	at org.junit.jupiter.engine.extension.TimeoutExtension.intercept(TimeoutExtension.java:156)
	at org.junit.jupiter.engine.extension.TimeoutExtension.interceptTestableMethod(TimeoutExtension.java:147)
	at org.junit.jupiter.engine.extension.TimeoutExtension.interceptTestTemplateMethod(TimeoutExtension.java:94)
	at org.junit.jupiter.engine.execution.InterceptingExecutableInvoker$ReflectiveInterceptorCall.lambda$ofVoidMethod$0(InterceptingExecutableInvoker.java:103)
	at org.junit.jupiter.engine.execution.InterceptingExecutableInvoker.lambda$invoke$0(InterceptingExecutableInvoker.java:93)
	at org.junit.jupiter.engine.execution.InvocationInterceptorChain$InterceptedInvocation.proceed(InvocationInterceptorChain.java:106)
	at org.junit.jupiter.engine.execution.InvocationInterceptorChain.proceed(InvocationInterceptorChain.java:64)
	at org.junit.jupiter.engine.execution.InvocationInterceptorChain.chainAndInvoke(InvocationInterceptorChain.java:45)
	at org.junit.jupiter.engine.execution.InvocationInterceptorChain.invoke(InvocationInterceptorChain.java:37)
	at org.junit.jupiter.engine.execution.InterceptingExecutableInvoker.invoke(InterceptingExecutableInvoker.java:92)
	at org.junit.jupiter.engine.execution.InterceptingExecutableInvoker.invoke(InterceptingExecutableInvoker.java:86)
	at org.junit.jupiter.engine.descriptor.TestMethodTestDescriptor.lambda$invokeTestMethod$7(TestMethodTestDescriptor.java:217)
	at org.junit.platform.engine.support.hierarchical.ThrowableCollector.execute(ThrowableCollector.java:73)
	at org.junit.jupiter.engine.descriptor.TestMethodTestDescriptor.invokeTestMethod(TestMethodTestDescriptor.java:213)
	at org.junit.jupiter.engine.descriptor.TestMethodTestDescriptor.execute(TestMethodTestDescriptor.java:138)
	at org.junit.jupiter.engine.descriptor.TestMethodTestDescriptor.execute(TestMethodTestDescriptor.java:68)
	at org.junit.platform.engine.support.hierarchical.NodeTestTask.lambda$executeRecursively$6(NodeTestTask.java:151)
	at org.junit.platform.engine.support.hierarchical.ThrowableCollector.execute(ThrowableCollector.java:73)
	at org.junit.platform.engine.support.hierarchical.NodeTestTask.lambda$executeRecursively$8(NodeTestTask.java:141)
	at org.junit.platform.engine.support.hierarchical.Node.around(Node.java:137)
	at org.junit.platform.engine.support.hierarchical.NodeTestTask.lambda$executeRecursively$9(NodeTestTask.java:139)
	at org.junit.platform.engine.support.hierarchical.ThrowableCollector.execute(ThrowableCollector.java:73)
	at org.junit.platform.engine.support.hierarchical.NodeTestTask.executeRecursively(NodeTestTask.java:138)
	at org.junit.platform.engine.support.hierarchical.NodeTestTask.execute(NodeTestTask.java:95)
	at org.junit.platform.engine.support.hierarchical.SameThreadHierarchicalTestExecutorService.submit(SameThreadHierarchicalTestExecutorService.java:35)
	at org.junit.platform.engine.support.hierarchical.NodeTestTask$DefaultDynamicTestExecutor.execute(NodeTestTask.java:226)
	at org.junit.platform.engine.support.hierarchical.NodeTestTask$DefaultDynamicTestExecutor.execute(NodeTestTask.java:204)
	at org.junit.jupiter.engine.descriptor.TestTemplateTestDescriptor.execute(TestTemplateTestDescriptor.java:142)
	at org.junit.jupiter.engine.descriptor.TestTemplateTestDescriptor.lambda$execute$2(TestTemplateTestDescriptor.java:110)
	at java.base/java.util.stream.ForEachOps$ForEachOp$OfRef.accept(ForEachOps.java:183)
	at java.base/java.util.stream.ReferencePipeline$3$1.accept(ReferencePipeline.java:197)
	at java.base/java.util.stream.ReferencePipeline$2$1.accept(ReferencePipeline.java:179)
	at java.base/java.util.stream.ReferencePipeline$3$1.accept(ReferencePipeline.java:197)
	at java.base/java.util.stream.ForEachOps$ForEachOp$OfRef.accept(ForEachOps.java:183)
	at java.base/java.util.stream.ReferencePipeline$3$1.accept(ReferencePipeline.java:197)
	at java.base/java.util.stream.ReferencePipeline$3$1.accept(ReferencePipeline.java:197)
	at java.base/java.util.stream.ReferencePipeline$3$1.accept(ReferencePipeline.java:197)
	at java.base/java.util.stream.ForEachOps$ForEachOp$OfRef.accept(ForEachOps.java:183)
	at java.base/java.util.stream.ReferencePipeline$3$1.accept(ReferencePipeline.java:197)
	at java.base/java.util.Spliterators$ArraySpliterator.forEachRemaining(Spliterators.java:992)
	at java.base/java.util.stream.AbstractPipeline.copyInto(AbstractPipeline.java:509)
	at java.base/java.util.stream.AbstractPipeline.wrapAndCopyInto(AbstractPipeline.java:499)
	at java.base/java.util.stream.ForEachOps$ForEachOp.evaluateSequential(ForEachOps.java:150)
	at java.base/java.util.stream.ForEachOps$ForEachOp$OfRef.evaluateSequential(ForEachOps.java:173)
	at java.base/java.util.stream.AbstractPipeline.evaluate(AbstractPipeline.java:234)
	at java.base/java.util.stream.ReferencePipeline.forEach(ReferencePipeline.java:596)
	at java.base/java.util.stream.ReferencePipeline$7$1.accept(ReferencePipeline.java:276)
	at java.base/java.util.stream.ReferencePipeline$3$1.accept(ReferencePipeline.java:197)
	at java.base/java.util.stream.ReferencePipeline$3$1.accept(ReferencePipeline.java:197)
	at java.base/java.util.stream.ReferencePipeline$3$1.accept(ReferencePipeline.java:197)
	at java.base/java.util.ArrayList$ArrayListSpliterator.forEachRemaining(ArrayList.java:1625)
	at java.base/java.util.stream.AbstractPipeline.copyInto(AbstractPipeline.java:509)
	at java.base/java.util.stream.AbstractPipeline.wrapAndCopyInto(AbstractPipeline.java:499)
	at java.base/java.util.stream.ForEachOps$ForEachOp.evaluateSequential(ForEachOps.java:150)
	at java.base/java.util.stream.ForEachOps$ForEachOp$OfRef.evaluateSequential(ForEachOps.java:173)
	at java.base/java.util.stream.AbstractPipeline.evaluate(AbstractPipeline.java:234)
	at java.base/java.util.stream.ReferencePipeline.forEach(ReferencePipeline.java:596)
	at java.base/java.util.stream.ReferencePipeline$7$1.accept(ReferencePipeline.java:276)
	at java.base/java.util.ArrayList$ArrayListSpliterator.forEachRemaining(ArrayList.java:1625)
	at java.base/java.util.stream.AbstractPipeline.copyInto(AbstractPipeline.java:509)
	at java.base/java.util.stream.AbstractPipeline.wrapAndCopyInto(AbstractPipeline.java:499)
	at java.base/java.util.stream.ForEachOps$ForEachOp.evaluateSequential(ForEachOps.java:150)
	at java.base/java.util.stream.ForEachOps$ForEachOp$OfRef.evaluateSequential(ForEachOps.java:173)
	at java.base/java.util.stream.AbstractPipeline.evaluate(AbstractPipeline.java:234)
	at java.base/java.util.stream.ReferencePipeline.forEach(ReferencePipeline.java:596)
	at org.junit.jupiter.engine.descriptor.TestTemplateTestDescriptor.execute(TestTemplateTestDescriptor.java:110)
	at org.junit.jupiter.engine.descriptor.TestTemplateTestDescriptor.execute(TestTemplateTestDescriptor.java:44)
	at org.junit.platform.engine.support.hierarchical.NodeTestTask.lambda$executeRecursively$6(NodeTestTask.java:151)
	at org.junit.platform.engine.support.hierarchical.ThrowableCollector.execute(ThrowableCollector.java:73)
	at org.junit.platform.engine.support.hierarchical.NodeTestTask.lambda$executeRecursively$8(NodeTestTask.java:141)
	at org.junit.platform.engine.support.hierarchical.Node.around(Node.java:137)
	at org.junit.platform.engine.support.hierarchical.NodeTestTask.lambda$executeRecursively$9(NodeTestTask.java:139)
	at org.junit.platform.engine.support.hierarchical.ThrowableCollector.execute(ThrowableCollector.java:73)
	at org.junit.platform.engine.support.hierarchical.NodeTestTask.executeRecursively(NodeTestTask.java:138)
	at org.junit.platform.engine.support.hierarchical.NodeTestTask.execute(NodeTestTask.java:95)
	at java.base/java.util.ArrayList.forEach(ArrayList.java:1511)
	at org.junit.platform.engine.support.hierarchical.SameThreadHierarchicalTestExecutorService.invokeAll(SameThreadHierarchicalTestExecutorService.java:41)
	at org.junit.platform.engine.support.hierarchical.NodeTestTask.lambda$executeRecursively$6(NodeTestTask.java:155)
	at org.junit.platform.engine.support.hierarchical.ThrowableCollector.execute(ThrowableCollector.java:73)
	at org.junit.platform.engine.support.hierarchical.NodeTestTask.lambda$executeRecursively$8(NodeTestTask.java:141)
	at org.junit.platform.engine.support.hierarchical.Node.around(Node.java:137)
	at org.junit.platform.engine.support.hierarchical.NodeTestTask.lambda$executeRecursively$9(NodeTestTask.java:139)
	at org.junit.platform.engine.support.hierarchical.ThrowableCollector.execute(ThrowableCollector.java:73)
	at org.junit.platform.engine.support.hierarchical.NodeTestTask.executeRecursively(NodeTestTask.java:138)
	at org.junit.platform.engine.support.hierarchical.NodeTestTask.execute(NodeTestTask.java:95)
	at java.base/java.util.ArrayList.forEach(ArrayList.java:1511)
	at org.junit.platform.engine.support.hierarchical.SameThreadHierarchicalTestExecutorService.invokeAll(SameThreadHierarchicalTestExecutorService.java:41)
	at org.junit.platform.engine.support.hierarchical.NodeTestTask.lambda$executeRecursively$6(NodeTestTask.java:155)
	at org.junit.platform.engine.support.hierarchical.ThrowableCollector.execute(ThrowableCollector.java:73)
	at org.junit.platform.engine.support.hierarchical.NodeTestTask.lambda$executeRecursively$8(NodeTestTask.java:141)
	at org.junit.platform.engine.support.hierarchical.Node.around(Node.java:137)
	at org.junit.platform.engine.support.hierarchical.NodeTestTask.lambda$executeRecursively$9(NodeTestTask.java:139)
	at org.junit.platform.engine.support.hierarchical.ThrowableCollector.execute(ThrowableCollector.java:73)
	at org.junit.platform.engine.support.hierarchical.NodeTestTask.executeRecursively(NodeTestTask.java:138)
	at org.junit.platform.engine.support.hierarchical.NodeTestTask.execute(NodeTestTask.java:95)
	at org.junit.platform.engine.support.hierarchical.SameThreadHierarchicalTestExecutorService.submit(SameThreadHierarchicalTestExecutorService.java:35)
	at org.junit.platform.engine.support.hierarchical.HierarchicalTestExecutor.execute(HierarchicalTestExecutor.java:57)
	at org.junit.platform.engine.support.hierarchical.HierarchicalTestEngine.execute(HierarchicalTestEngine.java:54)
	at org.junit.platform.launcher.core.EngineExecutionOrchestrator.execute(EngineExecutionOrchestrator.java:147)
	at org.junit.platform.launcher.core.EngineExecutionOrchestrator.execute(EngineExecutionOrchestrator.java:127)
	at org.junit.platform.launcher.core.EngineExecutionOrchestrator.execute(EngineExecutionOrchestrator.java:90)
	at org.junit.platform.launcher.core.EngineExecutionOrchestrator.lambda$execute$0(EngineExecutionOrchestrator.java:55)
	at org.junit.platform.launcher.core.EngineExecutionOrchestrator.withInterceptedStreams(EngineExecutionOrchestrator.java:102)
	at org.junit.platform.launcher.core.EngineExecutionOrchestrator.execute(EngineExecutionOrchestrator.java:54)
	at org.junit.platform.launcher.core.DefaultLauncher.execute(DefaultLauncher.java:114)
	at org.junit.platform.launcher.core.DefaultLauncher.execute(DefaultLauncher.java:86)
	at org.junit.platform.launcher.core.DefaultLauncherSession$DelegatingLauncher.execute(DefaultLauncherSession.java:86)
	at org.junit.platform.launcher.core.SessionPerRequestLauncher.execute(SessionPerRequestLauncher.java:53)
	at org.apache.maven.surefire.junitplatform.JUnitPlatformProvider.execute(JUnitPlatformProvider.java:188)
	at org.apache.maven.surefire.junitplatform.JUnitPlatformProvider.invokeAllTests(JUnitPlatformProvider.java:154)
	at org.apache.maven.surefire.junitplatform.JUnitPlatformProvider.invoke(JUnitPlatformProvider.java:128)
	at org.apache.maven.surefire.booter.ForkedBooter.runSuitesInProcess(ForkedBooter.java:428)
	at org.apache.maven.surefire.booter.ForkedBooter.execute(ForkedBooter.java:162)
	at org.apache.maven.surefire.booter.ForkedBooter.run(ForkedBooter.java:562)
	at org.apache.maven.surefire.booter.ForkedBooter.main(ForkedBooter.java:548)

feb 19, 2025 2:45:25 PM laptop.database.rivista.CsvRivista inserisciRivista
INFORMAZIONI: id rivista sbagliato !!
feb 19, 2025 2:45:25 PM laptop.database.rivista.CsvRivista inserisciRivista
GRAVE: remove rivista...
feb 19, 2025 2:45:25 PM laptop.controller.primoucacquista.ControllerPagamentoCC pagamentoCC
INFORMAZIONI: Payment  done!!
]]></system-err>
  </testcase>
  <testcase name="testAcquistaRivistaCredito(String)[3]" classname="primoUcAcquista.testRivista.TestAcquistaRivista" time="0.074">
    <system-err><![CDATA[feb 19, 2025 2:45:25 PM laptop.controller.primoucacquista.ControllerCheckPagamentoData inserisciReport
INFORMAZIONI:  report inserted
feb 19, 2025 2:45:25 PM laptop.controller.primoucacquista.ControllerPagamentoCC pagamentoCC
INFORMAZIONI: Payment  done!!
]]></system-err>
  </testcase>
  <testcase name="testAcquistaRivistaCash(String)[1]" classname="primoUcAcquista.testRivista.TestAcquistaRivista" time="1.98">
    <system-out><![CDATA[-- MySQL Script generated by MySQL Workbench
-- gio 28 dic 2023, 17:26:58
-- Model: New Model    Version: 1.0
-- MySQL Workbench Forward Engineering
SET @OLD_UNIQUE_CHECKS=@@UNIQUE_CHECKS, UNIQUE_CHECKS=0

SET @OLD_FOREIGN_KEY_CHECKS=@@FOREIGN_KEY_CHECKS, FOREIGN_KEY_CHECKS=0

-- -----------------------------------------------------
-- Schema mydb
-- -----------------------------------------------------
-- -----------------------------------------------------
-- Schema ISPW
-- -----------------------------------------------------
CREATE SCHEMA IF NOT EXISTS `ISPW` DEFAULT CHARACTER SET utf8mb4 COLLATE utf8mb4_0900_ai_ci 

USE `ISPW` 

-- -----------------------------------------------------
-- Table `ISPW`.`RIVISTA`
-- -----------------------------------------------------
CREATE TABLE IF NOT EXISTS `ISPW`.`RIVISTA` (
  `titolo` VARCHAR(200) NULL DEFAULT NULL,
  `categoria` VARCHAR(60) NULL DEFAULT NULL,
  `autore` VARCHAR(200) NULL DEFAULT NULL,
  `lingua` VARCHAR(10) NULL DEFAULT NULL,
  `editore` VARCHAR(200) NULL DEFAULT NULL,
  `descrizione` TEXT NULL DEFAULT NULL,
  `dataPubblicazione` DATE NULL DEFAULT NULL,
  `disp` INT NULL DEFAULT NULL,
  `prezzo` FLOAT NULL DEFAULT NULL,
  `copieRimanenti` INT NULL DEFAULT NULL,
  `idRivista` INT NOT NULL AUTO_INCREMENT,
  PRIMARY KEY (`idRivista`))
ENGINE = InnoDB
DEFAULT CHARACTER SET = utf8mb4
COLLATE = utf8mb4_0900_ai_ci

-- MySQL Script generated by MySQL Workbench
-- gio 28 dic 2023, 17:26:58
-- Model: New Model    Version: 1.0
-- MySQL Workbench Forward Engineering
SET @OLD_UNIQUE_CHECKS=@@UNIQUE_CHECKS, UNIQUE_CHECKS=0

SET @OLD_FOREIGN_KEY_CHECKS=@@FOREIGN_KEY_CHECKS, FOREIGN_KEY_CHECKS=0

-- -----------------------------------------------------
-- Schema mydb
-- -----------------------------------------------------
-- -----------------------------------------------------
-- Schema ISPW
-- -----------------------------------------------------
CREATE SCHEMA IF NOT EXISTS `ISPW` DEFAULT CHARACTER SET utf8mb4 COLLATE utf8mb4_0900_ai_ci 

USE `ISPW` 

-- -----------------------------------------------------
-- Table `ISPW`.`FATTURA`
-- -----------------------------------------------------
CREATE TABLE IF NOT EXISTS `ISPW`.`FATTURA` (
  `nome` VARCHAR(20) NULL DEFAULT NULL,
  `cognome` VARCHAR(20) NULL DEFAULT NULL,
  `via` VARCHAR(50) NULL DEFAULT NULL,
  `comunicazioni` VARCHAR(50) NULL DEFAULT NULL,
  `ammontare`float,
  `idFattura` INT NOT NULL AUTO_INCREMENT,
  PRIMARY KEY (`idFattura`))
ENGINE = InnoDB
DEFAULT CHARACTER SET = utf8mb4
COLLATE = utf8mb4_0900_ai_ci

-- MySQL Script generated by MySQL Workbench
-- gio 28 dic 2023, 17:26:58
-- Model: New Model    Version: 1.0
-- MySQL Workbench Forward Engineering
SET @OLD_UNIQUE_CHECKS=@@UNIQUE_CHECKS, UNIQUE_CHECKS=0

SET @OLD_FOREIGN_KEY_CHECKS=@@FOREIGN_KEY_CHECKS, FOREIGN_KEY_CHECKS=0

-- -----------------------------------------------------
-- Schema mydb
-- -----------------------------------------------------
-- -----------------------------------------------------
-- Schema ISPW
-- -----------------------------------------------------
CREATE SCHEMA IF NOT EXISTS `ISPW` DEFAULT CHARACTER SET utf8mb4 COLLATE utf8mb4_0900_ai_ci 

USE `ISPW` 

-- -----------------------------------------------------
-- Table `ISPW`.`PAGAMENTO`
-- -----------------------------------------------------
CREATE TABLE IF NOT EXISTS `ISPW`.`PAGAMENTO` (
  `idPagamento` INT NOT NULL AUTO_INCREMENT,
  `metodo` VARCHAR(10) NULL DEFAULT NULL,
  `nomeUtente` VARCHAR(20) NULL DEFAULT NULL,
  `spesaTotale` FLOAT NULL DEFAULT NULL,
  `email` VARCHAR(100) NULL DEFAULT NULL,
  `tipoAcquisto` VARCHAR(50) NULL DEFAULT NULL,
  `idProdotto` INT NULL DEFAULT NULL,
  PRIMARY KEY (`idPagamento`))
ENGINE = InnoDB
DEFAULT CHARACTER SET = utf8mb4
COLLATE = utf8mb4_0900_ai_ci

]]></system-out>
    <system-err><![CDATA[feb 19, 2025 2:45:25 PM laptop.utilities.ConnToDb generalConnection
INFORMAZIONI: Tentativo di conessione al server..........\\n
feb 19, 2025 2:45:25 PM laptop.utilities.ConnToDb generalConnection
INFORMAZIONI: Connesso standard a sys........

feb 19, 2025 2:45:25 PM laptop.utilities.ConnToDb connectionToDB
INFORMAZIONI: Tentativo di conessione al server..........\\n
feb 19, 2025 2:45:25 PM laptop.utilities.ConnToDb connectionToDB
INFORMAZIONI: Connesso standard a ISPW........

feb 19, 2025 2:45:26 PM laptop.utilities.ConnToDb connectionToDB
INFORMAZIONI: Tentativo di conessione al server..........\\n
feb 19, 2025 2:45:26 PM laptop.utilities.ConnToDb connectionToDB
INFORMAZIONI: Connesso standard a ISPW........

feb 19, 2025 2:45:26 PM laptop.utilities.ConnToDb connectionToDB
INFORMAZIONI: Tentativo di conessione al server..........\\n
feb 19, 2025 2:45:26 PM laptop.utilities.ConnToDb connectionToDB
INFORMAZIONI: Connesso standard a ISPW........

feb 19, 2025 2:45:26 PM laptop.utilities.ConnToDb connectionToDB
INFORMAZIONI: Tentativo di conessione al server..........\\n
feb 19, 2025 2:45:26 PM laptop.utilities.ConnToDb connectionToDB
INFORMAZIONI: Connesso standard a ISPW........

feb 19, 2025 2:45:26 PM laptop.utilities.ConnToDb connectionToDB
INFORMAZIONI: Tentativo di conessione al server..........\\n
feb 19, 2025 2:45:26 PM laptop.utilities.ConnToDb connectionToDB
INFORMAZIONI: Connesso standard a ISPW........

feb 19, 2025 2:45:26 PM laptop.utilities.ConnToDb connectionToDB
INFORMAZIONI: Tentativo di conessione al server..........\\n
feb 19, 2025 2:45:26 PM laptop.utilities.ConnToDb connectionToDB
INFORMAZIONI: Connesso standard a ISPW........

feb 19, 2025 2:45:26 PM laptop.utilities.ConnToDb generalConnection
INFORMAZIONI: Tentativo di conessione al server..........\\n
feb 19, 2025 2:45:26 PM laptop.utilities.ConnToDb generalConnection
INFORMAZIONI: Connesso standard a sys........

feb 19, 2025 2:45:26 PM laptop.utilities.ConnToDb connectionToDB
INFORMAZIONI: Tentativo di conessione al server..........\\n
feb 19, 2025 2:45:26 PM laptop.utilities.ConnToDb connectionToDB
INFORMAZIONI: Connesso standard a ISPW........

feb 19, 2025 2:45:26 PM laptop.database.DaoInitialize inizializza
INFORMAZIONI:  tables not pupulated
feb 19, 2025 2:45:26 PM laptop.utilities.ConnToDb connectionToDB
INFORMAZIONI: Tentativo di conessione al server..........\\n
feb 19, 2025 2:45:26 PM laptop.utilities.ConnToDb connectionToDB
INFORMAZIONI: Connesso standard a ISPW........

feb 19, 2025 2:45:26 PM laptop.utilities.ConnToDb connectionToDB
INFORMAZIONI: Tentativo di conessione al server..........\\n
feb 19, 2025 2:45:26 PM laptop.utilities.ConnToDb connectionToDB
INFORMAZIONI: Connesso standard a ISPW........

feb 19, 2025 2:45:26 PM laptop.utilities.ConnToDb generalConnection
INFORMAZIONI: Tentativo di conessione al server..........\\n
feb 19, 2025 2:45:26 PM laptop.utilities.ConnToDb generalConnection
INFORMAZIONI: Connesso standard a sys........

feb 19, 2025 2:45:26 PM laptop.utilities.ConnToDb connectionToDB
INFORMAZIONI: Tentativo di conessione al server..........\\n
feb 19, 2025 2:45:26 PM laptop.utilities.ConnToDb connectionToDB
INFORMAZIONI: Connesso standard a ISPW........

feb 19, 2025 2:45:26 PM laptop.database.DaoInitialize inizializza
INFORMAZIONI:  tables not pupulated
feb 19, 2025 2:45:26 PM laptop.utilities.ConnToDb connectionToDB
INFORMAZIONI: Tentativo di conessione al server..........\\n
feb 19, 2025 2:45:26 PM laptop.utilities.ConnToDb connectionToDB
INFORMAZIONI: Connesso standard a ISPW........

feb 19, 2025 2:45:26 PM laptop.utilities.ConnToDb connectionToDB
INFORMAZIONI: Tentativo di conessione al server..........\\n
feb 19, 2025 2:45:26 PM laptop.utilities.ConnToDb connectionToDB
INFORMAZIONI: Connesso standard a ISPW........

feb 19, 2025 2:45:26 PM laptop.utilities.ConnToDb connectionToDB
INFORMAZIONI: Tentativo di conessione al server..........\\n
feb 19, 2025 2:45:26 PM laptop.utilities.ConnToDb connectionToDB
INFORMAZIONI: Connesso standard a ISPW........

feb 19, 2025 2:45:26 PM laptop.utilities.ConnToDb connectionToDB
INFORMAZIONI: Tentativo di conessione al server..........\\n
feb 19, 2025 2:45:26 PM laptop.utilities.ConnToDb connectionToDB
INFORMAZIONI: Connesso standard a ISPW........

feb 19, 2025 2:45:26 PM laptop.utilities.ConnToDb connectionToDB
INFORMAZIONI: Tentativo di conessione al server..........\\n
feb 19, 2025 2:45:26 PM laptop.utilities.ConnToDb connectionToDB
INFORMAZIONI: Connesso standard a ISPW........

feb 19, 2025 2:45:26 PM laptop.controller.primoucacquista.ControllerCheckPagamentoData inserisciReport
INFORMAZIONI:  report inserted
feb 19, 2025 2:45:26 PM laptop.utilities.ConnToDb connectionToDB
INFORMAZIONI: Tentativo di conessione al server..........\\n
feb 19, 2025 2:45:26 PM laptop.utilities.ConnToDb connectionToDB
INFORMAZIONI: Connesso standard a ISPW........

feb 19, 2025 2:45:26 PM laptop.utilities.ConnToDb connectionToDB
INFORMAZIONI: Tentativo di conessione al server..........\\n
feb 19, 2025 2:45:26 PM laptop.utilities.ConnToDb connectionToDB
INFORMAZIONI: Connesso standard a ISPW........

feb 19, 2025 2:45:27 PM laptop.utilities.ConnToDb connectionToDB
INFORMAZIONI: Tentativo di conessione al server..........\\n
feb 19, 2025 2:45:27 PM laptop.utilities.ConnToDb connectionToDB
INFORMAZIONI: Connesso standard a ISPW........

feb 19, 2025 2:45:27 PM laptop.utilities.ConnToDb connectionToDB
INFORMAZIONI: Tentativo di conessione al server..........\\n
feb 19, 2025 2:45:27 PM laptop.utilities.ConnToDb connectionToDB
INFORMAZIONI: Connesso standard a ISPW........

feb 19, 2025 2:45:27 PM laptop.utilities.ConnToDb connectionToDB
INFORMAZIONI: Tentativo di conessione al server..........\\n
feb 19, 2025 2:45:27 PM laptop.utilities.ConnToDb connectionToDB
INFORMAZIONI: Connesso standard a ISPW........

feb 19, 2025 2:45:27 PM laptop.utilities.ConnToDb connectionToDB
INFORMAZIONI: Tentativo di conessione al server..........\\n
feb 19, 2025 2:45:27 PM laptop.utilities.ConnToDb connectionToDB
INFORMAZIONI: Connesso standard a ISPW........

feb 19, 2025 2:45:27 PM laptop.utilities.ConnToDb connectionToDB
INFORMAZIONI: Tentativo di conessione al server..........\\n
feb 19, 2025 2:45:27 PM laptop.utilities.ConnToDb connectionToDB
INFORMAZIONI: Connesso standard a ISPW........

feb 19, 2025 2:45:27 PM laptop.utilities.ConnToDb connectionToDB
INFORMAZIONI: Tentativo di conessione al server..........\\n
feb 19, 2025 2:45:27 PM laptop.utilities.ConnToDb connectionToDB
INFORMAZIONI: Connesso standard a ISPW........

feb 19, 2025 2:45:27 PM laptop.utilities.ConnToDb connectionToDB
INFORMAZIONI: Tentativo di conessione al server..........\\n
feb 19, 2025 2:45:27 PM laptop.utilities.ConnToDb connectionToDB
INFORMAZIONI: Connesso standard a ISPW........

feb 19, 2025 2:45:27 PM laptop.utilities.ConnToDb connectionToDB
INFORMAZIONI: Tentativo di conessione al server..........\\n
feb 19, 2025 2:45:27 PM laptop.utilities.ConnToDb connectionToDB
INFORMAZIONI: Connesso standard a ISPW........

feb 19, 2025 2:45:27 PM laptop.controller.primoucacquista.ControllerDownload acquistaRivista
INFORMAZIONI:  id eliminated magazine4
feb 19, 2025 2:45:27 PM laptop.utilities.ConnToDb connectionToDB
INFORMAZIONI: Tentativo di conessione al server..........\\n
feb 19, 2025 2:45:27 PM laptop.utilities.ConnToDb connectionToDB
INFORMAZIONI: Connesso standard a ISPW........

feb 19, 2025 2:45:27 PM laptop.utilities.ConnToDb connectionToDB
INFORMAZIONI: Tentativo di conessione al server..........\\n
feb 19, 2025 2:45:27 PM laptop.utilities.ConnToDb connectionToDB
INFORMAZIONI: Connesso standard a ISPW........

feb 19, 2025 2:45:27 PM laptop.controller.primoucacquista.ControllerDownload acquistaRivista
INFORMAZIONI: update magazine succesfully!!
]]></system-err>
  </testcase>
  <testcase name="testAcquistaRivistaCash(String)[2]" classname="primoUcAcquista.testRivista.TestAcquistaRivista" time="0.048">
    <system-err><![CDATA[feb 19, 2025 2:45:27 PM laptop.database.rivista.CsvRivista inserisciRivista
INFORMAZIONI: id rivista sbagliato !!
feb 19, 2025 2:45:27 PM laptop.database.rivista.CsvRivista inserisciRivista
GRAVE: remove rivista...
feb 19, 2025 2:45:27 PM laptop.controller.primoucacquista.ControllerDownload acquistaRivista
INFORMAZIONI:  id eliminated magazine4
feb 19, 2025 2:45:27 PM laptop.database.rivista.CsvRivista inserisciRivista
INFORMAZIONI: id rivista sbagliato !!
feb 19, 2025 2:45:27 PM laptop.database.rivista.CsvRivista inserisciRivista
GRAVE: remove rivista...
feb 19, 2025 2:45:27 PM laptop.controller.primoucacquista.ControllerDownload acquistaRivista
INFORMAZIONI: update magazine succesfully!!
]]></system-err>
  </testcase>
  <testcase name="testAcquistaRivistaCash(String)[3]" classname="primoUcAcquista.testRivista.TestAcquistaRivista" time="0.11">
    <system-err><![CDATA[feb 19, 2025 2:45:27 PM laptop.database.fattura.MemoriaFattura inserisciFattura
INFORMAZIONI: fattura is wrote
feb 19, 2025 2:45:27 PM laptop.controller.primoucacquista.ControllerCheckPagamentoData inserisciReport
INFORMAZIONI:  report inserted
feb 19, 2025 2:45:27 PM laptop.controller.primoucacquista.ControllerDownload acquistaRivista
INFORMAZIONI:  id eliminated magazine4
feb 19, 2025 2:45:27 PM laptop.controller.primoucacquista.ControllerDownload acquistaRivista
INFORMAZIONI: update magazine succesfully!!
]]></system-err>
  </testcase>
  <testcase name="testAcquistaRivista(String)[1]" classname="primoUcAcquista.testRivista.TestAcquistaRivista" time="2.641">
    <system-out><![CDATA[-- MySQL Script generated by MySQL Workbench
-- gio 28 dic 2023, 17:26:58
-- Model: New Model    Version: 1.0
-- MySQL Workbench Forward Engineering
SET @OLD_UNIQUE_CHECKS=@@UNIQUE_CHECKS, UNIQUE_CHECKS=0

SET @OLD_FOREIGN_KEY_CHECKS=@@FOREIGN_KEY_CHECKS, FOREIGN_KEY_CHECKS=0

-- -----------------------------------------------------
-- Schema mydb
-- -----------------------------------------------------
-- -----------------------------------------------------
-- Schema ISPW
-- -----------------------------------------------------
CREATE SCHEMA IF NOT EXISTS `ISPW` DEFAULT CHARACTER SET utf8mb4 COLLATE utf8mb4_0900_ai_ci 

USE `ISPW` 

-- -----------------------------------------------------
-- Table `ISPW`.`RIVISTA`
-- -----------------------------------------------------
CREATE TABLE IF NOT EXISTS `ISPW`.`RIVISTA` (
  `titolo` VARCHAR(200) NULL DEFAULT NULL,
  `categoria` VARCHAR(60) NULL DEFAULT NULL,
  `autore` VARCHAR(200) NULL DEFAULT NULL,
  `lingua` VARCHAR(10) NULL DEFAULT NULL,
  `editore` VARCHAR(200) NULL DEFAULT NULL,
  `descrizione` TEXT NULL DEFAULT NULL,
  `dataPubblicazione` DATE NULL DEFAULT NULL,
  `disp` INT NULL DEFAULT NULL,
  `prezzo` FLOAT NULL DEFAULT NULL,
  `copieRimanenti` INT NULL DEFAULT NULL,
  `idRivista` INT NOT NULL AUTO_INCREMENT,
  PRIMARY KEY (`idRivista`))
ENGINE = InnoDB
DEFAULT CHARACTER SET = utf8mb4
COLLATE = utf8mb4_0900_ai_ci

-- MySQL Script generated by MySQL Workbench
-- gio 28 dic 2023, 17:26:58
-- Model: New Model    Version: 1.0
-- MySQL Workbench Forward Engineering
SET @OLD_UNIQUE_CHECKS=@@UNIQUE_CHECKS, UNIQUE_CHECKS=0

SET @OLD_FOREIGN_KEY_CHECKS=@@FOREIGN_KEY_CHECKS, FOREIGN_KEY_CHECKS=0

-- -----------------------------------------------------
-- Schema mydb
-- -----------------------------------------------------
-- -----------------------------------------------------
-- Schema ISPW
-- -----------------------------------------------------
CREATE SCHEMA IF NOT EXISTS `ISPW` DEFAULT CHARACTER SET utf8mb4 COLLATE utf8mb4_0900_ai_ci 

USE `ISPW` 

-- -----------------------------------------------------
-- Table `ISPW`.`FATTURA`
-- -----------------------------------------------------
CREATE TABLE IF NOT EXISTS `ISPW`.`FATTURA` (
  `nome` VARCHAR(20) NULL DEFAULT NULL,
  `cognome` VARCHAR(20) NULL DEFAULT NULL,
  `via` VARCHAR(50) NULL DEFAULT NULL,
  `comunicazioni` VARCHAR(50) NULL DEFAULT NULL,
  `ammontare`float,
  `idFattura` INT NOT NULL AUTO_INCREMENT,
  PRIMARY KEY (`idFattura`))
ENGINE = InnoDB
DEFAULT CHARACTER SET = utf8mb4
COLLATE = utf8mb4_0900_ai_ci

-- MySQL Script generated by MySQL Workbench
-- gio 28 dic 2023, 17:26:58
-- Model: New Model    Version: 1.0
-- MySQL Workbench Forward Engineering
SET @OLD_UNIQUE_CHECKS=@@UNIQUE_CHECKS, UNIQUE_CHECKS=0

SET @OLD_FOREIGN_KEY_CHECKS=@@FOREIGN_KEY_CHECKS, FOREIGN_KEY_CHECKS=0

-- -----------------------------------------------------
-- Schema mydb
-- -----------------------------------------------------
-- -----------------------------------------------------
-- Schema ISPW
-- -----------------------------------------------------
CREATE SCHEMA IF NOT EXISTS `ISPW` DEFAULT CHARACTER SET utf8mb4 COLLATE utf8mb4_0900_ai_ci 

USE `ISPW` 

-- -----------------------------------------------------
-- Table `ISPW`.`PAGAMENTO`
-- -----------------------------------------------------
CREATE TABLE IF NOT EXISTS `ISPW`.`PAGAMENTO` (
  `idPagamento` INT NOT NULL AUTO_INCREMENT,
  `metodo` VARCHAR(10) NULL DEFAULT NULL,
  `nomeUtente` VARCHAR(20) NULL DEFAULT NULL,
  `spesaTotale` FLOAT NULL DEFAULT NULL,
  `email` VARCHAR(100) NULL DEFAULT NULL,
  `tipoAcquisto` VARCHAR(50) NULL DEFAULT NULL,
  `idProdotto` INT NULL DEFAULT NULL,
  PRIMARY KEY (`idPagamento`))
ENGINE = InnoDB
DEFAULT CHARACTER SET = utf8mb4
COLLATE = utf8mb4_0900_ai_ci

]]></system-out>
    <system-err><![CDATA[feb 19, 2025 2:45:28 PM laptop.utilities.ConnToDb generalConnection
INFORMAZIONI: Tentativo di conessione al server..........\\n
feb 19, 2025 2:45:28 PM laptop.utilities.ConnToDb generalConnection
INFORMAZIONI: Connesso standard a sys........

feb 19, 2025 2:45:28 PM laptop.utilities.ConnToDb connectionToDB
INFORMAZIONI: Tentativo di conessione al server..........\\n
feb 19, 2025 2:45:28 PM laptop.utilities.ConnToDb connectionToDB
INFORMAZIONI: Connesso standard a ISPW........

feb 19, 2025 2:45:28 PM laptop.utilities.ConnToDb connectionToDB
INFORMAZIONI: Tentativo di conessione al server..........\\n
feb 19, 2025 2:45:28 PM laptop.utilities.ConnToDb connectionToDB
INFORMAZIONI: Connesso standard a ISPW........

feb 19, 2025 2:45:28 PM laptop.utilities.ConnToDb connectionToDB
INFORMAZIONI: Tentativo di conessione al server..........\\n
feb 19, 2025 2:45:28 PM laptop.utilities.ConnToDb connectionToDB
INFORMAZIONI: Connesso standard a ISPW........

feb 19, 2025 2:45:28 PM laptop.utilities.ConnToDb connectionToDB
INFORMAZIONI: Tentativo di conessione al server..........\\n
feb 19, 2025 2:45:28 PM laptop.utilities.ConnToDb connectionToDB
INFORMAZIONI: Connesso standard a ISPW........

feb 19, 2025 2:45:28 PM laptop.utilities.ConnToDb connectionToDB
INFORMAZIONI: Tentativo di conessione al server..........\\n
feb 19, 2025 2:45:28 PM laptop.utilities.ConnToDb connectionToDB
INFORMAZIONI: Connesso standard a ISPW........

feb 19, 2025 2:45:28 PM laptop.utilities.ConnToDb connectionToDB
INFORMAZIONI: Tentativo di conessione al server..........\\n
feb 19, 2025 2:45:28 PM laptop.utilities.ConnToDb connectionToDB
INFORMAZIONI: Connesso standard a ISPW........

feb 19, 2025 2:45:28 PM laptop.utilities.ConnToDb generalConnection
INFORMAZIONI: Tentativo di conessione al server..........\\n
feb 19, 2025 2:45:28 PM laptop.utilities.ConnToDb generalConnection
INFORMAZIONI: Connesso standard a sys........

feb 19, 2025 2:45:28 PM laptop.utilities.ConnToDb connectionToDB
INFORMAZIONI: Tentativo di conessione al server..........\\n
feb 19, 2025 2:45:28 PM laptop.utilities.ConnToDb connectionToDB
INFORMAZIONI: Connesso standard a ISPW........

feb 19, 2025 2:45:28 PM laptop.database.DaoInitialize inizializza
INFORMAZIONI:  tables not pupulated
feb 19, 2025 2:45:28 PM laptop.utilities.ConnToDb connectionToDB
INFORMAZIONI: Tentativo di conessione al server..........\\n
feb 19, 2025 2:45:28 PM laptop.utilities.ConnToDb connectionToDB
INFORMAZIONI: Connesso standard a ISPW........

feb 19, 2025 2:45:28 PM laptop.utilities.ConnToDb connectionToDB
INFORMAZIONI: Tentativo di conessione al server..........\\n
feb 19, 2025 2:45:29 PM laptop.utilities.ConnToDb connectionToDB
INFORMAZIONI: Connesso standard a ISPW........

feb 19, 2025 2:45:29 PM laptop.utilities.ConnToDb generalConnection
INFORMAZIONI: Tentativo di conessione al server..........\\n
feb 19, 2025 2:45:29 PM laptop.utilities.ConnToDb generalConnection
INFORMAZIONI: Connesso standard a sys........

feb 19, 2025 2:45:29 PM laptop.utilities.ConnToDb connectionToDB
INFORMAZIONI: Tentativo di conessione al server..........\\n
feb 19, 2025 2:45:29 PM laptop.utilities.ConnToDb connectionToDB
INFORMAZIONI: Connesso standard a ISPW........

feb 19, 2025 2:45:29 PM laptop.database.DaoInitialize inizializza
INFORMAZIONI:  tables not pupulated
feb 19, 2025 2:45:29 PM laptop.utilities.ConnToDb connectionToDB
INFORMAZIONI: Tentativo di conessione al server..........\\n
feb 19, 2025 2:45:29 PM laptop.utilities.ConnToDb connectionToDB
INFORMAZIONI: Connesso standard a ISPW........

feb 19, 2025 2:45:29 PM laptop.utilities.ConnToDb connectionToDB
INFORMAZIONI: Tentativo di conessione al server..........\\n
feb 19, 2025 2:45:29 PM laptop.utilities.ConnToDb connectionToDB
INFORMAZIONI: Connesso standard a ISPW........

feb 19, 2025 2:45:29 PM laptop.utilities.ConnToDb connectionToDB
INFORMAZIONI: Tentativo di conessione al server..........\\n
feb 19, 2025 2:45:29 PM laptop.utilities.ConnToDb connectionToDB
INFORMAZIONI: Connesso standard a ISPW........

feb 19, 2025 2:45:29 PM laptop.utilities.ConnToDb connectionToDB
INFORMAZIONI: Tentativo di conessione al server..........\\n
feb 19, 2025 2:45:29 PM laptop.utilities.ConnToDb connectionToDB
INFORMAZIONI: Connesso standard a ISPW........

feb 19, 2025 2:45:29 PM laptop.utilities.ConnToDb connectionToDB
INFORMAZIONI: Tentativo di conessione al server..........\\n
feb 19, 2025 2:45:29 PM laptop.utilities.ConnToDb connectionToDB
INFORMAZIONI: Connesso standard a ISPW........

feb 19, 2025 2:45:29 PM laptop.controller.primoucacquista.ControllerCheckPagamentoData inserisciReport
INFORMAZIONI:  report inserted
feb 19, 2025 2:45:29 PM laptop.utilities.ConnToDb connectionToDB
INFORMAZIONI: Tentativo di conessione al server..........\\n
feb 19, 2025 2:45:29 PM laptop.utilities.ConnToDb connectionToDB
INFORMAZIONI: Connesso standard a ISPW........

feb 19, 2025 2:45:29 PM laptop.utilities.ConnToDb connectionToDB
INFORMAZIONI: Tentativo di conessione al server..........\\n
feb 19, 2025 2:45:29 PM laptop.utilities.ConnToDb connectionToDB
INFORMAZIONI: Connesso standard a ISPW........

feb 19, 2025 2:45:30 PM laptop.utilities.ConnToDb connectionToDB
INFORMAZIONI: Tentativo di conessione al server..........\\n
feb 19, 2025 2:45:30 PM laptop.utilities.ConnToDb connectionToDB
INFORMAZIONI: Connesso standard a ISPW........

feb 19, 2025 2:45:30 PM laptop.utilities.ConnToDb connectionToDB
INFORMAZIONI: Tentativo di conessione al server..........\\n
feb 19, 2025 2:45:30 PM laptop.utilities.ConnToDb connectionToDB
INFORMAZIONI: Connesso standard a ISPW........

feb 19, 2025 2:45:30 PM laptop.utilities.ConnToDb connectionToDB
INFORMAZIONI: Tentativo di conessione al server..........\\n
feb 19, 2025 2:45:30 PM laptop.utilities.ConnToDb connectionToDB
INFORMAZIONI: Connesso standard a ISPW........

feb 19, 2025 2:45:30 PM laptop.utilities.ConnToDb connectionToDB
INFORMAZIONI: Tentativo di conessione al server..........\\n
feb 19, 2025 2:45:30 PM laptop.utilities.ConnToDb connectionToDB
INFORMAZIONI: Connesso standard a ISPW........

feb 19, 2025 2:45:30 PM laptop.utilities.ConnToDb connectionToDB
INFORMAZIONI: Tentativo di conessione al server..........\\n
feb 19, 2025 2:45:30 PM laptop.utilities.ConnToDb connectionToDB
INFORMAZIONI: Connesso standard a ISPW........

]]></system-err>
  </testcase>
  <testcase name="testAcquistaRivista(String)[2]" classname="primoUcAcquista.testRivista.TestAcquistaRivista" time="0.022">
    <system-err><![CDATA[feb 19, 2025 2:45:30 PM laptop.database.rivista.CsvRivista inserisciRivista
INFORMAZIONI: id rivista sbagliato !!
feb 19, 2025 2:45:30 PM laptop.database.rivista.CsvRivista inserisciRivista
GRAVE: remove rivista...
]]></system-err>
  </testcase>
  <testcase name="testAcquistaRivista(String)[3]" classname="primoUcAcquista.testRivista.TestAcquistaRivista" time="0.191">
    <system-err><![CDATA[feb 19, 2025 2:45:30 PM laptop.database.fattura.MemoriaFattura inserisciFattura
INFORMAZIONI: fattura is wrote
feb 19, 2025 2:45:30 PM laptop.controller.primoucacquista.ControllerCheckPagamentoData inserisciReport
INFORMAZIONI:  report inserted
feb 19, 2025 2:45:30 PM laptop.database.pagamento.MemoriaPagamento cancellaPagamento
INFORMAZIONI: id fattura 2.
feb 19, 2025 2:45:30 PM laptop.database.fattura.MemoriaFattura cancellaFattura
INFORMAZIONI: id fattura 2.
]]></system-err>
  </testcase>
</testsuite>